Using pre-set license
Built from '2020.3/staging' branch; Version is '2020.3.6f1 (338bb68529b2) revision 3378102'; Using compiler version '192528614'; Build Type 'Release'
OS: 'Windows 10 Enterprise; OS build 19042.985; Version 2009; 64bit' Language: 'en' Physical Memory: 16301 MB
BatchMode: 1, IsHumanControllingUs: 0, StartBugReporterOnCrash: 0, Is64bit: 1, IsPro: 0

 COMMAND LINE ARGUMENTS:
C:\Program Files\Unity\Hub\Editor\2020.3.6f1\Editor\Unity.exe
-adb2
-batchMode
-noUpm
-name
AssetImportWorker1
-projectPath
C:/Unity/debugging/Roll-A-Ball_Graph
-logFile
Logs/AssetImportWorker1.log
-srvPort
57230
Successfully changed project path to: C:/Unity/debugging/Roll-A-Ball_Graph
C:/Unity/debugging/Roll-A-Ball_Graph
Using Asset Import Pipeline V2.
Refreshing native plugins compatible for Editor in 66.28 ms, found 0 plugins.
Preloading 0 native plugins for Editor in 0.00 ms.
Initialize engine version: 2020.3.6f1 (338bb68529b2)
[Subsystems] Discovering subsystems at path C:/Program Files/Unity/Hub/Editor/2020.3.6f1/Editor/Data/Resources/UnitySubsystems
[Subsystems] Discovering subsystems at path C:/Unity/debugging/Roll-A-Ball_Graph/Assets
GfxDevice: creating device client; threaded=0
Direct3D:
    Version:  Direct3D 11.0 [level 11.1]
    Renderer: Intel(R) UHD Graphics 620 (ID=0x5917)
    Vendor:   
    VRAM:     8150 MB
    Driver:   27.20.100.8681
Initialize mono
Mono path[0] = 'C:/Program Files/Unity/Hub/Editor/2020.3.6f1/Editor/Data/Managed'
Mono path[1] = 'C:/Program Files/Unity/Hub/Editor/2020.3.6f1/Editor/Data/MonoBleedingEdge/lib/mono/unityjit'
Mono config path = 'C:/Program Files/Unity/Hub/Editor/2020.3.6f1/Editor/Data/MonoBleedingEdge/etc'
Using monoOptions --debugger-agent=transport=dt_socket,embedding=1,server=y,suspend=n,address=127.0.0.1:56252
Begin MonoManager ReloadAssembly
Registering precompiled unity dll's ...
Register platform support module: C:/Program Files/Unity/Hub/Editor/2020.3.6f1/Editor/Data/PlaybackEngines/WebGLSupport/UnityEditor.WebGL.Extensions.dll
Register platform support module: C:/Program Files/Unity/Hub/Editor/2020.3.6f1/Editor/Data/PlaybackEngines/WindowsStandaloneSupport/UnityEditor.WindowsStandalone.Extensions.dll
Registered in 0.003353 seconds.
Native extension for WindowsStandalone target not found
Native extension for WebGL target not found
Refreshing native plugins compatible for Editor in 60.04 ms, found 0 plugins.
Preloading 0 native plugins for Editor in 0.00 ms.
Mono: successfully reloaded assembly
- Completed reload, in  1.577 seconds
Platform modules already initialized, skipping
Registering precompiled user dll's ...
Registered in 0.002020 seconds.
Begin MonoManager ReloadAssembly
Native extension for WindowsStandalone target not found
Native extension for WebGL target not found
Refreshing native plugins compatible for Editor in 59.53 ms, found 0 plugins.
Preloading 0 native plugins for Editor in 0.00 ms.
Mono: successfully reloaded assembly
- Completed reload, in  3.756 seconds
Platform modules already initialized, skipping
========================================================================
Worker process is ready to serve import requests
Shader 'Universal Render Pipeline/Particles/Lit': fallback shader 'Universal Render Pipeline/Particles/SimpleLit' not found
Shader 'Universal Render Pipeline/Particles/Lit': fallback shader 'Universal Render Pipeline/Particles/SimpleLit' not found
Launched and connected shader compiler UnityShaderCompiler.exe after 0.15 seconds
Refreshing native plugins compatible for Editor in 0.56 ms, found 0 plugins.
Preloading 0 native plugins for Editor in 0.00 ms.
Unloading 2754 Unused Serialized files (Serialized files now loaded: 0)
System memory in use before: 127.8 MB.
System memory in use after: 125.0 MB.

Unloading 47 unused Assets to reduce memory usage. Loaded Objects now: 3165.
Total: 4.913900 ms (FindLiveObjects: 0.301800 ms CreateObjectMapping: 0.181000 ms MarkObjects: 2.665900 ms  DeleteObjects: 1.763300 ms)

========================================================================
Received Import Request.
  path: Assets/Scripts/PlayerController.cs
  artifactKey: Guid(da1a076e1a9df5c4cbf9fd738a219fef) Importer(815301076,1909f56bfc062723c751e8b465ee728b)
Start importing Assets/Scripts/PlayerController.cs using Guid(da1a076e1a9df5c4cbf9fd738a219fef) Importer(815301076,1909f56bfc062723c751e8b465ee728b)  -> (artifact id: 'f098f7e6e793f8d9107f9cf2f922a2ce') in 0.062062 seconds
  Import took 0.070635 seconds .

========================================================================
Received Prepare
Registering precompiled user dll's ...
Registered in 0.002281 seconds.
Begin MonoManager ReloadAssembly
Native extension for WindowsStandalone target not found
Native extension for WebGL target not found
Refreshing native plugins compatible for Editor in 0.68 ms, found 0 plugins.
Preloading 0 native plugins for Editor in 0.00 ms.
Mono: successfully reloaded assembly
- Completed reload, in  1.234 seconds
Platform modules already initialized, skipping
Script error (PlayerController): Update() can not take parameters.

Shader 'Universal Render Pipeline/Particles/Lit': fallback shader 'Universal Render Pipeline/Particles/SimpleLit' not found
Shader 'Universal Render Pipeline/Particles/Lit': fallback shader 'Universal Render Pipeline/Particles/SimpleLit' not found
Refreshing native plugins compatible for Editor in 0.64 ms, found 0 plugins.
Preloading 0 native plugins for Editor in 0.00 ms.
Unloading 2666 Unused Serialized files (Serialized files now loaded: 0)
System memory in use before: 123.2 MB.
System memory in use after: 120.5 MB.

Unloading 40 unused Assets to reduce memory usage. Loaded Objects now: 3168.
Total: 5.161200 ms (FindLiveObjects: 0.373200 ms CreateObjectMapping: 0.200200 ms MarkObjects: 2.754400 ms  DeleteObjects: 1.832200 ms)

========================================================================
Received Import Request.
  Time since last request: 70.114694 seconds.
  path: Assets/Scripts/PlayerController.cs
  artifactKey: Guid(da1a076e1a9df5c4cbf9fd738a219fef) Importer(815301076,1909f56bfc062723c751e8b465ee728b)
Start importing Assets/Scripts/PlayerController.cs using Guid(da1a076e1a9df5c4cbf9fd738a219fef) Importer(815301076,1909f56bfc062723c751e8b465ee728b)  -> (artifact id: 'b7802e84a1ee3ea46e10567f73eb038b') in 0.012925 seconds
  Import took 0.021042 seconds .

========================================================================
Received Prepare
Registering precompiled user dll's ...
Registered in 0.002174 seconds.
Begin MonoManager ReloadAssembly
Native extension for WindowsStandalone target not found
Native extension for WebGL target not found
Refreshing native plugins compatible for Editor in 0.54 ms, found 0 plugins.
Preloading 0 native plugins for Editor in 0.00 ms.
Mono: successfully reloaded assembly
- Completed reload, in  1.365 seconds
Platform modules already initialized, skipping
Shader 'Universal Render Pipeline/Particles/Lit': fallback shader 'Universal Render Pipeline/Particles/SimpleLit' not found
Shader 'Universal Render Pipeline/Particles/Lit': fallback shader 'Universal Render Pipeline/Particles/SimpleLit' not found
Refreshing native plugins compatible for Editor in 0.55 ms, found 0 plugins.
Preloading 0 native plugins for Editor in 0.00 ms.
Unloading 2666 Unused Serialized files (Serialized files now loaded: 0)
System memory in use before: 123.3 MB.
System memory in use after: 120.5 MB.

Unloading 40 unused Assets to reduce memory usage. Loaded Objects now: 3171.
Total: 5.253700 ms (FindLiveObjects: 0.338900 ms CreateObjectMapping: 0.166500 ms MarkObjects: 2.884500 ms  DeleteObjects: 1.862800 ms)

========================================================================
Received Import Request.
  Time since last request: 45.559787 seconds.
  path: Assets/Scripts/PlayerController.cs
  artifactKey: Guid(da1a076e1a9df5c4cbf9fd738a219fef) Importer(815301076,1909f56bfc062723c751e8b465ee728b)
Start importing Assets/Scripts/PlayerController.cs using Guid(da1a076e1a9df5c4cbf9fd738a219fef) Importer(815301076,1909f56bfc062723c751e8b465ee728b)  -> (artifact id: '2c8133b005385b9276e45f841453dbce') in 0.008032 seconds
  Import took 0.014992 seconds .

========================================================================
Received Prepare
Registering precompiled user dll's ...
Registered in 0.002474 seconds.
Begin MonoManager ReloadAssembly
Native extension for WindowsStandalone target not found
Native extension for WebGL target not found
Refreshing native plugins compatible for Editor in 0.57 ms, found 0 plugins.
Preloading 0 native plugins for Editor in 0.00 ms.
Mono: successfully reloaded assembly
- Completed reload, in  1.360 seconds
Platform modules already initialized, skipping
Shader 'Universal Render Pipeline/Particles/Lit': fallback shader 'Universal Render Pipeline/Particles/SimpleLit' not found
Shader 'Universal Render Pipeline/Particles/Lit': fallback shader 'Universal Render Pipeline/Particles/SimpleLit' not found
Refreshing native plugins compatible for Editor in 0.81 ms, found 0 plugins.
Preloading 0 native plugins for Editor in 0.00 ms.
Unloading 2666 Unused Serialized files (Serialized files now loaded: 0)
System memory in use before: 123.3 MB.
System memory in use after: 120.6 MB.

Unloading 40 unused Assets to reduce memory usage. Loaded Objects now: 3174.
Total: 5.639500 ms (FindLiveObjects: 0.402500 ms CreateObjectMapping: 0.190700 ms MarkObjects: 2.958300 ms  DeleteObjects: 2.086200 ms)

========================================================================
Received Import Request.
  Time since last request: 44.409412 seconds.
  path: Assets/Scripts/windowGraph.cs
  artifactKey: Guid(146d711f141b69f46bccd4c6ea3e801f) Importer(815301076,1909f56bfc062723c751e8b465ee728b)
Start importing Assets/Scripts/windowGraph.cs using Guid(146d711f141b69f46bccd4c6ea3e801f) Importer(815301076,1909f56bfc062723c751e8b465ee728b)  -> (artifact id: '19819c3c4f444d92f47739862853be86') in 0.017997 seconds
  Import took 0.028819 seconds .

========================================================================
Received Import Request.
  Time since last request: 7.876772 seconds.
  path: Assets/Scripts/DebugVariable.cs
  artifactKey: Guid(80ffa027426d730478c3ad05af6460e7) Importer(815301076,1909f56bfc062723c751e8b465ee728b)
Start importing Assets/Scripts/DebugVariable.cs using Guid(80ffa027426d730478c3ad05af6460e7) Importer(815301076,1909f56bfc062723c751e8b465ee728b)  -> (artifact id: '09ede139206280a9b2fd25c81b6bb523') in 0.013159 seconds
  Import took 0.019955 seconds .

========================================================================
Received Import Request.
  Time since last request: 0.004215 seconds.
  path: Assets/Scripts/DebugVariable.cs
  artifactKey: Guid(80ffa027426d730478c3ad05af6460e7) Importer(815301076,1909f56bfc062723c751e8b465ee728b)
Start importing Assets/Scripts/DebugVariable.cs using Guid(80ffa027426d730478c3ad05af6460e7) Importer(815301076,1909f56bfc062723c751e8b465ee728b)  -> (artifact id: '09ede139206280a9b2fd25c81b6bb523') in 0.007435 seconds
  Import took 0.015766 seconds .

========================================================================
Received Prepare
Registering precompiled user dll's ...
Registered in 0.002207 seconds.
Begin MonoManager ReloadAssembly
Native extension for WindowsStandalone target not found
Native extension for WebGL target not found
Refreshing native plugins compatible for Editor in 0.54 ms, found 0 plugins.
Preloading 0 native plugins for Editor in 0.00 ms.
Mono: successfully reloaded assembly
- Completed reload, in  1.258 seconds
Platform modules already initialized, skipping
Shader 'Universal Render Pipeline/Particles/Lit': fallback shader 'Universal Render Pipeline/Particles/SimpleLit' not found
Shader 'Universal Render Pipeline/Particles/Lit': fallback shader 'Universal Render Pipeline/Particles/SimpleLit' not found
Refreshing native plugins compatible for Editor in 0.56 ms, found 0 plugins.
Preloading 0 native plugins for Editor in 0.00 ms.
Unloading 2666 Unused Serialized files (Serialized files now loaded: 0)
System memory in use before: 123.3 MB.
System memory in use after: 120.6 MB.

Unloading 40 unused Assets to reduce memory usage. Loaded Objects now: 3177.
Total: 5.494700 ms (FindLiveObjects: 0.545800 ms CreateObjectMapping: 0.233800 ms MarkObjects: 2.795300 ms  DeleteObjects: 1.918200 ms)

========================================================================
Received Import Request.
  Time since last request: 42.652292 seconds.
  path: Assets/Scripts/DebugVariable.cs
  artifactKey: Guid(80ffa027426d730478c3ad05af6460e7) Importer(815301076,1909f56bfc062723c751e8b465ee728b)
Start importing Assets/Scripts/DebugVariable.cs using Guid(80ffa027426d730478c3ad05af6460e7) Importer(815301076,1909f56bfc062723c751e8b465ee728b)  -> (artifact id: '7105032f85cc10c5884fdde5cb8e2b41') in 0.010296 seconds
  Import took 0.016926 seconds .

========================================================================
Received Import Request.
  Time since last request: 2.287663 seconds.
  path: Assets/Scripts/DebugVariable.cs
  artifactKey: Guid(80ffa027426d730478c3ad05af6460e7) Importer(815301076,1909f56bfc062723c751e8b465ee728b)
Start importing Assets/Scripts/DebugVariable.cs using Guid(80ffa027426d730478c3ad05af6460e7) Importer(815301076,1909f56bfc062723c751e8b465ee728b)  -> (artifact id: '7105032f85cc10c5884fdde5cb8e2b41') in 0.003337 seconds
  Import took 0.008423 seconds .

========================================================================
Received Prepare
Registering precompiled user dll's ...
Registered in 0.002187 seconds.
Begin MonoManager ReloadAssembly
Native extension for WindowsStandalone target not found
Native extension for WebGL target not found
Refreshing native plugins compatible for Editor in 0.56 ms, found 0 plugins.
Preloading 0 native plugins for Editor in 0.00 ms.
Mono: successfully reloaded assembly
- Completed reload, in  1.284 seconds
Platform modules already initialized, skipping
Shader 'Universal Render Pipeline/Particles/Lit': fallback shader 'Universal Render Pipeline/Particles/SimpleLit' not found
Shader 'Universal Render Pipeline/Particles/Lit': fallback shader 'Universal Render Pipeline/Particles/SimpleLit' not found
Refreshing native plugins compatible for Editor in 0.57 ms, found 0 plugins.
Preloading 0 native plugins for Editor in 0.00 ms.
Unloading 2666 Unused Serialized files (Serialized files now loaded: 0)
System memory in use before: 123.4 MB.
System memory in use after: 120.6 MB.

Unloading 40 unused Assets to reduce memory usage. Loaded Objects now: 3180.
Total: 5.697300 ms (FindLiveObjects: 0.362200 ms CreateObjectMapping: 0.182300 ms MarkObjects: 3.095100 ms  DeleteObjects: 2.056000 ms)

========================================================================
Received Import Request.
  Time since last request: 73.790521 seconds.
  path: Assets/Scripts/DebugVariable.cs
  artifactKey: Guid(80ffa027426d730478c3ad05af6460e7) Importer(815301076,1909f56bfc062723c751e8b465ee728b)
Start importing Assets/Scripts/DebugVariable.cs using Guid(80ffa027426d730478c3ad05af6460e7) Importer(815301076,1909f56bfc062723c751e8b465ee728b)  -> (artifact id: '18f0032e1ef4e03a01cc6dd3b7afbfb6') in 0.007757 seconds
  Import took 0.014578 seconds .

========================================================================
Received Prepare
Registering precompiled user dll's ...
Registered in 0.002206 seconds.
Begin MonoManager ReloadAssembly
Native extension for WindowsStandalone target not found
Native extension for WebGL target not found
Refreshing native plugins compatible for Editor in 0.55 ms, found 0 plugins.
Preloading 0 native plugins for Editor in 0.00 ms.
Mono: successfully reloaded assembly
- Completed reload, in  1.256 seconds
Platform modules already initialized, skipping
Shader 'Universal Render Pipeline/Particles/Lit': fallback shader 'Universal Render Pipeline/Particles/SimpleLit' not found
Shader 'Universal Render Pipeline/Particles/Lit': fallback shader 'Universal Render Pipeline/Particles/SimpleLit' not found
Refreshing native plugins compatible for Editor in 0.56 ms, found 0 plugins.
Preloading 0 native plugins for Editor in 0.00 ms.
Unloading 2666 Unused Serialized files (Serialized files now loaded: 0)
System memory in use before: 123.4 MB.
System memory in use after: 120.6 MB.

Unloading 40 unused Assets to reduce memory usage. Loaded Objects now: 3183.
Total: 5.235300 ms (FindLiveObjects: 0.407800 ms CreateObjectMapping: 0.283100 ms MarkObjects: 2.526700 ms  DeleteObjects: 2.015600 ms)

========================================================================
Received Import Request.
  Time since last request: 109.383899 seconds.
  path: Assets/Scripts/DebugVariable.cs
  artifactKey: Guid(80ffa027426d730478c3ad05af6460e7) Importer(815301076,1909f56bfc062723c751e8b465ee728b)
Start importing Assets/Scripts/DebugVariable.cs using Guid(80ffa027426d730478c3ad05af6460e7) Importer(815301076,1909f56bfc062723c751e8b465ee728b)  -> (artifact id: 'ce6dce04ab405759155d1b7130bc6403') in 0.007090 seconds
  Import took 0.013754 seconds .

========================================================================
Received Import Request.
  Time since last request: 2.244798 seconds.
  path: Assets/Scripts/DebugVariable.cs
  artifactKey: Guid(80ffa027426d730478c3ad05af6460e7) Importer(815301076,1909f56bfc062723c751e8b465ee728b)
Start importing Assets/Scripts/DebugVariable.cs using Guid(80ffa027426d730478c3ad05af6460e7) Importer(815301076,1909f56bfc062723c751e8b465ee728b)  -> (artifact id: 'ce6dce04ab405759155d1b7130bc6403') in 0.003629 seconds
  Import took 0.009084 seconds .

========================================================================
Received Prepare
Registering precompiled user dll's ...
Registered in 0.002183 seconds.
Begin MonoManager ReloadAssembly
Native extension for WindowsStandalone target not found
Native extension for WebGL target not found
Refreshing native plugins compatible for Editor in 0.58 ms, found 0 plugins.
Preloading 0 native plugins for Editor in 0.00 ms.
Mono: successfully reloaded assembly
- Completed reload, in  1.239 seconds
Platform modules already initialized, skipping
Shader 'Universal Render Pipeline/Particles/Lit': fallback shader 'Universal Render Pipeline/Particles/SimpleLit' not found
Shader 'Universal Render Pipeline/Particles/Lit': fallback shader 'Universal Render Pipeline/Particles/SimpleLit' not found
Refreshing native plugins compatible for Editor in 0.56 ms, found 0 plugins.
Preloading 0 native plugins for Editor in 0.00 ms.
Unloading 2666 Unused Serialized files (Serialized files now loaded: 0)
System memory in use before: 123.4 MB.
System memory in use after: 120.6 MB.

Unloading 40 unused Assets to reduce memory usage. Loaded Objects now: 3186.
Total: 5.652100 ms (FindLiveObjects: 0.818000 ms CreateObjectMapping: 0.269700 ms MarkObjects: 2.593800 ms  DeleteObjects: 1.968700 ms)

========================================================================
Received Prepare
Registering precompiled user dll's ...
Registered in 0.002121 seconds.
Begin MonoManager ReloadAssembly
Native extension for WindowsStandalone target not found
Native extension for WebGL target not found
Refreshing native plugins compatible for Editor in 0.56 ms, found 0 plugins.
Preloading 0 native plugins for Editor in 0.00 ms.
Mono: successfully reloaded assembly
- Completed reload, in  1.275 seconds
Platform modules already initialized, skipping
Shader 'Universal Render Pipeline/Particles/Lit': fallback shader 'Universal Render Pipeline/Particles/SimpleLit' not found
Shader 'Universal Render Pipeline/Particles/Lit': fallback shader 'Universal Render Pipeline/Particles/SimpleLit' not found
Refreshing native plugins compatible for Editor in 0.66 ms, found 0 plugins.
Preloading 0 native plugins for Editor in 0.00 ms.
Unloading 2666 Unused Serialized files (Serialized files now loaded: 0)
System memory in use before: 123.4 MB.
System memory in use after: 120.6 MB.

Unloading 40 unused Assets to reduce memory usage. Loaded Objects now: 3189.
Total: 6.678100 ms (FindLiveObjects: 0.602300 ms CreateObjectMapping: 0.327400 ms MarkObjects: 3.438200 ms  DeleteObjects: 2.307800 ms)

========================================================================
Received Prepare
Registering precompiled user dll's ...
Registered in 0.002786 seconds.
Begin MonoManager ReloadAssembly
Native extension for WindowsStandalone target not found
Native extension for WebGL target not found
Refreshing native plugins compatible for Editor in 0.55 ms, found 0 plugins.
Preloading 0 native plugins for Editor in 0.00 ms.
Mono: successfully reloaded assembly
- Completed reload, in  1.159 seconds
Platform modules already initialized, skipping
Shader 'Universal Render Pipeline/Particles/Lit': fallback shader 'Universal Render Pipeline/Particles/SimpleLit' not found
Shader 'Universal Render Pipeline/Particles/Lit': fallback shader 'Universal Render Pipeline/Particles/SimpleLit' not found
Refreshing native plugins compatible for Editor in 0.54 ms, found 0 plugins.
Preloading 0 native plugins for Editor in 0.00 ms.
Unloading 2666 Unused Serialized files (Serialized files now loaded: 0)
System memory in use before: 123.4 MB.
System memory in use after: 120.6 MB.

Unloading 40 unused Assets to reduce memory usage. Loaded Objects now: 3192.
Total: 5.113100 ms (FindLiveObjects: 0.345400 ms CreateObjectMapping: 0.179900 ms MarkObjects: 2.598300 ms  DeleteObjects: 1.988300 ms)

========================================================================
Received Prepare
Registering precompiled user dll's ...
Registered in 0.008485 seconds.
Begin MonoManager ReloadAssembly
Native extension for WindowsStandalone target not found
Native extension for WebGL target not found
Refreshing native plugins compatible for Editor in 1.36 ms, found 0 plugins.
Preloading 0 native plugins for Editor in 0.00 ms.
Mono: successfully reloaded assembly
- Completed reload, in  3.774 seconds
Platform modules already initialized, skipping
Shader 'Universal Render Pipeline/Particles/Lit': fallback shader 'Universal Render Pipeline/Particles/SimpleLit' not found
Shader 'Universal Render Pipeline/Particles/Lit': fallback shader 'Universal Render Pipeline/Particles/SimpleLit' not found
Refreshing native plugins compatible for Editor in 2.44 ms, found 0 plugins.
Preloading 0 native plugins for Editor in 0.00 ms.
Unloading 2666 Unused Serialized files (Serialized files now loaded: 0)
System memory in use before: 123.4 MB.
System memory in use after: 120.6 MB.

Unloading 40 unused Assets to reduce memory usage. Loaded Objects now: 3195.
Total: 19.747100 ms (FindLiveObjects: 0.969100 ms CreateObjectMapping: 0.740500 ms MarkObjects: 10.670000 ms  DeleteObjects: 7.360900 ms)

========================================================================
Received Prepare
Registering precompiled user dll's ...
Registered in 0.005810 seconds.
Begin MonoManager ReloadAssembly
Native extension for WindowsStandalone target not found
Native extension for WebGL target not found
Refreshing native plugins compatible for Editor in 0.94 ms, found 0 plugins.
Preloading 0 native plugins for Editor in 0.00 ms.
Mono: successfully reloaded assembly
- Completed reload, in  2.923 seconds
Platform modules already initialized, skipping
Shader 'Universal Render Pipeline/Particles/Lit': fallback shader 'Universal Render Pipeline/Particles/SimpleLit' not found
Shader 'Universal Render Pipeline/Particles/Lit': fallback shader 'Universal Render Pipeline/Particles/SimpleLit' not found
Refreshing native plugins compatible for Editor in 1.21 ms, found 0 plugins.
Preloading 0 native plugins for Editor in 0.00 ms.
Unloading 2666 Unused Serialized files (Serialized files now loaded: 0)
System memory in use before: 123.4 MB.
System memory in use after: 120.6 MB.

Unloading 40 unused Assets to reduce memory usage. Loaded Objects now: 3198.
Total: 16.108100 ms (FindLiveObjects: 1.088600 ms CreateObjectMapping: 0.630100 ms MarkObjects: 9.390900 ms  DeleteObjects: 4.993200 ms)

========================================================================
Received Prepare
Registering precompiled user dll's ...
Registered in 0.003374 seconds.
Begin MonoManager ReloadAssembly
Native extension for WindowsStandalone target not found
Native extension for WebGL target not found
Refreshing native plugins compatible for Editor in 1.50 ms, found 0 plugins.
Preloading 0 native plugins for Editor in 0.00 ms.
Mono: successfully reloaded assembly
- Completed reload, in  2.661 seconds
Platform modules already initialized, skipping
Shader 'Universal Render Pipeline/Particles/Lit': fallback shader 'Universal Render Pipeline/Particles/SimpleLit' not found
Shader 'Universal Render Pipeline/Particles/Lit': fallback shader 'Universal Render Pipeline/Particles/SimpleLit' not found
Refreshing native plugins compatible for Editor in 0.66 ms, found 0 plugins.
Preloading 0 native plugins for Editor in 0.00 ms.
Unloading 2666 Unused Serialized files (Serialized files now loaded: 0)
System memory in use before: 123.4 MB.
System memory in use after: 120.6 MB.

Unloading 40 unused Assets to reduce memory usage. Loaded Objects now: 3201.
Total: 6.223300 ms (FindLiveObjects: 0.694800 ms CreateObjectMapping: 0.351900 ms MarkObjects: 2.933600 ms  DeleteObjects: 2.240900 ms)

========================================================================
Received Prepare
Registering precompiled user dll's ...
Registered in 0.002463 seconds.
Begin MonoManager ReloadAssembly
Native extension for WindowsStandalone target not found
Native extension for WebGL target not found
Refreshing native plugins compatible for Editor in 1.36 ms, found 0 plugins.
Preloading 0 native plugins for Editor in 0.00 ms.
Mono: successfully reloaded assembly
- Completed reload, in  3.034 seconds
Platform modules already initialized, skipping
Shader 'Universal Render Pipeline/Particles/Lit': fallback shader 'Universal Render Pipeline/Particles/SimpleLit' not found
Shader 'Universal Render Pipeline/Particles/Lit': fallback shader 'Universal Render Pipeline/Particles/SimpleLit' not found
Refreshing native plugins compatible for Editor in 1.38 ms, found 0 plugins.
Preloading 0 native plugins for Editor in 0.00 ms.
Unloading 2666 Unused Serialized files (Serialized files now loaded: 0)
System memory in use before: 123.5 MB.
System memory in use after: 120.7 MB.

Unloading 40 unused Assets to reduce memory usage. Loaded Objects now: 3204.
Total: 13.844200 ms (FindLiveObjects: 0.935900 ms CreateObjectMapping: 0.541000 ms MarkObjects: 7.106600 ms  DeleteObjects: 5.256400 ms)

========================================================================
Received Prepare
Registering precompiled user dll's ...
Registered in 0.002952 seconds.
Begin MonoManager ReloadAssembly
Native extension for WindowsStandalone target not found
Native extension for WebGL target not found
Refreshing native plugins compatible for Editor in 0.63 ms, found 0 plugins.
Preloading 0 native plugins for Editor in 0.00 ms.
Mono: successfully reloaded assembly
- Completed reload, in  2.429 seconds
Platform modules already initialized, skipping
Shader 'Universal Render Pipeline/Particles/Lit': fallback shader 'Universal Render Pipeline/Particles/SimpleLit' not found
Shader 'Universal Render Pipeline/Particles/Lit': fallback shader 'Universal Render Pipeline/Particles/SimpleLit' not found
Refreshing native plugins compatible for Editor in 0.62 ms, found 0 plugins.
Preloading 0 native plugins for Editor in 0.00 ms.
Unloading 2666 Unused Serialized files (Serialized files now loaded: 0)
System memory in use before: 123.4 MB.
System memory in use after: 120.7 MB.

Unloading 40 unused Assets to reduce memory usage. Loaded Objects now: 3207.
Total: 6.062100 ms (FindLiveObjects: 0.441700 ms CreateObjectMapping: 0.238500 ms MarkObjects: 2.834200 ms  DeleteObjects: 2.546200 ms)

========================================================================
Received Prepare
Registering precompiled user dll's ...
Registered in 0.006660 seconds.
Begin MonoManager ReloadAssembly
Native extension for WindowsStandalone target not found
Native extension for WebGL target not found
Refreshing native plugins compatible for Editor in 1.17 ms, found 0 plugins.
Preloading 0 native plugins for Editor in 0.00 ms.
Mono: successfully reloaded assembly
- Completed reload, in  3.231 seconds
Platform modules already initialized, skipping
Shader 'Universal Render Pipeline/Particles/Lit': fallback shader 'Universal Render Pipeline/Particles/SimpleLit' not found
Shader 'Universal Render Pipeline/Particles/Lit': fallback shader 'Universal Render Pipeline/Particles/SimpleLit' not found
Refreshing native plugins compatible for Editor in 3.45 ms, found 0 plugins.
Preloading 0 native plugins for Editor in 0.00 ms.
Unloading 2666 Unused Serialized files (Serialized files now loaded: 0)
System memory in use before: 123.4 MB.
System memory in use after: 120.7 MB.

Unloading 40 unused Assets to reduce memory usage. Loaded Objects now: 3210.
Total: 17.230100 ms (FindLiveObjects: 1.062900 ms CreateObjectMapping: 0.531500 ms MarkObjects: 8.564200 ms  DeleteObjects: 7.065600 ms)

========================================================================
Received Prepare
Registering precompiled user dll's ...
Registered in 0.002593 seconds.
Begin MonoManager ReloadAssembly
Native extension for WindowsStandalone target not found
Native extension for WebGL target not found
Refreshing native plugins compatible for Editor in 0.91 ms, found 0 plugins.
Preloading 0 native plugins for Editor in 0.00 ms.
Mono: successfully reloaded assembly
- Completed reload, in  3.376 seconds
Platform modules already initialized, skipping
Shader 'Universal Render Pipeline/Particles/Lit': fallback shader 'Universal Render Pipeline/Particles/SimpleLit' not found
Shader 'Universal Render Pipeline/Particles/Lit': fallback shader 'Universal Render Pipeline/Particles/SimpleLit' not found
Refreshing native plugins compatible for Editor in 2.14 ms, found 0 plugins.
Preloading 0 native plugins for Editor in 0.00 ms.
Unloading 2666 Unused Serialized files (Serialized files now loaded: 0)
System memory in use before: 123.5 MB.
System memory in use after: 120.7 MB.

Unloading 40 unused Assets to reduce memory usage. Loaded Objects now: 3213.
Total: 14.541300 ms (FindLiveObjects: 0.984400 ms CreateObjectMapping: 0.541200 ms MarkObjects: 7.254700 ms  DeleteObjects: 5.756200 ms)

========================================================================
Received Prepare
Registering precompiled user dll's ...
Registered in 0.004899 seconds.
Begin MonoManager ReloadAssembly
Native extension for WindowsStandalone target not found
Native extension for WebGL target not found
Refreshing native plugins compatible for Editor in 1.29 ms, found 0 plugins.
Preloading 0 native plugins for Editor in 0.00 ms.
Mono: successfully reloaded assembly
- Completed reload, in  2.832 seconds
Platform modules already initialized, skipping
Shader 'Universal Render Pipeline/Particles/Lit': fallback shader 'Universal Render Pipeline/Particles/SimpleLit' not found
Shader 'Universal Render Pipeline/Particles/Lit': fallback shader 'Universal Render Pipeline/Particles/SimpleLit' not found
Refreshing native plugins compatible for Editor in 1.02 ms, found 0 plugins.
Preloading 0 native plugins for Editor in 0.00 ms.
Unloading 2666 Unused Serialized files (Serialized files now loaded: 0)
System memory in use before: 123.5 MB.
System memory in use after: 120.7 MB.

Unloading 40 unused Assets to reduce memory usage. Loaded Objects now: 3216.
Total: 10.273900 ms (FindLiveObjects: 1.240100 ms CreateObjectMapping: 0.507000 ms MarkObjects: 4.751400 ms  DeleteObjects: 3.769100 ms)

========================================================================
Received Prepare
Registering precompiled user dll's ...
Registered in 0.005909 seconds.
Begin MonoManager ReloadAssembly
Native extension for WindowsStandalone target not found
Native extension for WebGL target not found
Refreshing native plugins compatible for Editor in 1.64 ms, found 0 plugins.
Preloading 0 native plugins for Editor in 0.00 ms.
Mono: successfully reloaded assembly
- Completed reload, in  3.084 seconds
Platform modules already initialized, skipping
Shader 'Universal Render Pipeline/Particles/Lit': fallback shader 'Universal Render Pipeline/Particles/SimpleLit' not found
Shader 'Universal Render Pipeline/Particles/Lit': fallback shader 'Universal Render Pipeline/Particles/SimpleLit' not found
Refreshing native plugins compatible for Editor in 2.20 ms, found 0 plugins.
Preloading 0 native plugins for Editor in 0.00 ms.
Unloading 2666 Unused Serialized files (Serialized files now loaded: 0)
System memory in use before: 123.5 MB.
System memory in use after: 120.7 MB.

Unloading 40 unused Assets to reduce memory usage. Loaded Objects now: 3219.
Total: 24.245700 ms (FindLiveObjects: 2.013600 ms CreateObjectMapping: 0.757800 ms MarkObjects: 12.343500 ms  DeleteObjects: 9.123900 ms)

========================================================================
Received Prepare
Registering precompiled user dll's ...
Registered in 0.004256 seconds.
Begin MonoManager ReloadAssembly
Native extension for WindowsStandalone target not found
Native extension for WebGL target not found
Refreshing native plugins compatible for Editor in 1.48 ms, found 0 plugins.
Preloading 0 native plugins for Editor in 0.00 ms.
Mono: successfully reloaded assembly
- Completed reload, in  3.796 seconds
Platform modules already initialized, skipping
Shader 'Universal Render Pipeline/Particles/Lit': fallback shader 'Universal Render Pipeline/Particles/SimpleLit' not found
Shader 'Universal Render Pipeline/Particles/Lit': fallback shader 'Universal Render Pipeline/Particles/SimpleLit' not found
Refreshing native plugins compatible for Editor in 1.51 ms, found 0 plugins.
Preloading 0 native plugins for Editor in 0.00 ms.
Unloading 2666 Unused Serialized files (Serialized files now loaded: 0)
System memory in use before: 123.4 MB.
System memory in use after: 120.7 MB.

Unloading 40 unused Assets to reduce memory usage. Loaded Objects now: 3222.
Total: 20.678900 ms (FindLiveObjects: 1.539200 ms CreateObjectMapping: 0.762300 ms MarkObjects: 8.311100 ms  DeleteObjects: 10.061000 ms)

========================================================================
Received Prepare
Registering precompiled user dll's ...
Registered in 0.005269 seconds.
Begin MonoManager ReloadAssembly
Native extension for WindowsStandalone target not found
Native extension for WebGL target not found
Refreshing native plugins compatible for Editor in 1.15 ms, found 0 plugins.
Preloading 0 native plugins for Editor in 0.00 ms.
Mono: successfully reloaded assembly
- Completed reload, in  3.883 seconds
Platform modules already initialized, skipping
Shader 'Universal Render Pipeline/Particles/Lit': fallback shader 'Universal Render Pipeline/Particles/SimpleLit' not found
Shader 'Universal Render Pipeline/Particles/Lit': fallback shader 'Universal Render Pipeline/Particles/SimpleLit' not found
Refreshing native plugins compatible for Editor in 1.42 ms, found 0 plugins.
Preloading 0 native plugins for Editor in 0.00 ms.
Unloading 2666 Unused Serialized files (Serialized files now loaded: 0)
System memory in use before: 123.4 MB.
System memory in use after: 120.7 MB.

Unloading 40 unused Assets to reduce memory usage. Loaded Objects now: 3225.
Total: 28.219400 ms (FindLiveObjects: 0.857200 ms CreateObjectMapping: 0.359000 ms MarkObjects: 19.670800 ms  DeleteObjects: 7.327700 ms)

AssetImportWorkerClient::OnTransportError - code=2 error=End of file
