Using pre-set license
Built from '2020.3/staging' branch; Version is '2020.3.6f1 (338bb68529b2) revision 3378102'; Using compiler version '192528614'; Build Type 'Release'
OS: 'Windows 10 Home; OS build 19042.804; Version 2009; 64bit' Language: 'en' Physical Memory: 16299 MB
BatchMode: 1, IsHumanControllingUs: 0, StartBugReporterOnCrash: 0, Is64bit: 1, IsPro: 0

 COMMAND LINE ARGUMENTS:
C:\Program Files\Unity\Hub\Editor\2020.3.6f1\Editor\Unity.exe
-adb2
-batchMode
-noUpm
-name
AssetImportWorker0
-projectPath
C:/Users/Tom/Desktop/Roll-A-Ball
-logFile
Logs/AssetImportWorker0.log
-srvPort
51676
Successfully changed project path to: C:/Users/Tom/Desktop/Roll-A-Ball
C:/Users/Tom/Desktop/Roll-A-Ball
Using Asset Import Pipeline V2.
Refreshing native plugins compatible for Editor in 40.45 ms, found 0 plugins.
Preloading 0 native plugins for Editor in 0.00 ms.
Initialize engine version: 2020.3.6f1 (338bb68529b2)
[Subsystems] Discovering subsystems at path C:/Program Files/Unity/Hub/Editor/2020.3.6f1/Editor/Data/Resources/UnitySubsystems
[Subsystems] Discovering subsystems at path C:/Users/Tom/Desktop/Roll-A-Ball/Assets
GfxDevice: creating device client; threaded=0
Direct3D:
    Version:  Direct3D 11.0 [level 11.1]
    Renderer: Radeon RX 5700 (ID=0x731f)
    Vendor:   
    VRAM:     8152 MB
    Driver:   27.20.14502.212
Initialize mono
Mono path[0] = 'C:/Program Files/Unity/Hub/Editor/2020.3.6f1/Editor/Data/Managed'
Mono path[1] = 'C:/Program Files/Unity/Hub/Editor/2020.3.6f1/Editor/Data/MonoBleedingEdge/lib/mono/unityjit'
Mono config path = 'C:/Program Files/Unity/Hub/Editor/2020.3.6f1/Editor/Data/MonoBleedingEdge/etc'
Using monoOptions --debugger-agent=transport=dt_socket,embedding=1,server=y,suspend=n,address=127.0.0.1:56260
Begin MonoManager ReloadAssembly
Registering precompiled unity dll's ...
Register platform support module: C:/Program Files/Unity/Hub/Editor/2020.3.6f1/Editor/Data/PlaybackEngines/WindowsStandaloneSupport/UnityEditor.WindowsStandalone.Extensions.dll
Registered in 0.001512 seconds.
Native extension for WindowsStandalone target not found
Refreshing native plugins compatible for Editor in 42.21 ms, found 0 plugins.
Preloading 0 native plugins for Editor in 0.00 ms.
Mono: successfully reloaded assembly
- Completed reload, in  0.857 seconds
Platform modules already initialized, skipping
Registering precompiled user dll's ...
Registered in 0.000981 seconds.
Begin MonoManager ReloadAssembly
Native extension for WindowsStandalone target not found
Refreshing native plugins compatible for Editor in 42.77 ms, found 0 plugins.
Preloading 0 native plugins for Editor in 0.00 ms.
Mono: successfully reloaded assembly
- Completed reload, in  0.805 seconds
Platform modules already initialized, skipping
========================================================================
Worker process is ready to serve import requests
Shader 'Universal Render Pipeline/Particles/Lit': fallback shader 'Universal Render Pipeline/Particles/SimpleLit' not found
Shader 'Universal Render Pipeline/Particles/Lit': fallback shader 'Universal Render Pipeline/Particles/SimpleLit' not found
Launched and connected shader compiler UnityShaderCompiler.exe after 0.03 seconds
Refreshing native plugins compatible for Editor in 0.45 ms, found 0 plugins.
Preloading 0 native plugins for Editor in 0.00 ms.
Unloading 2720 Unused Serialized files (Serialized files now loaded: 0)
System memory in use before: 124.7 MB.
System memory in use after: 121.9 MB.

Unloading 47 unused Assets to reduce memory usage. Loaded Objects now: 3130.
Total: 3.218800 ms (FindLiveObjects: 0.376500 ms CreateObjectMapping: 0.074600 ms MarkObjects: 1.664700 ms  DeleteObjects: 1.102200 ms)

========================================================================
Received Import Request.
  path: Assets/Scripts/Rotator.cs
  artifactKey: Guid(52fe839e883667b469bbb172d7f9e819) Importer(815301076,1909f56bfc062723c751e8b465ee728b)
Start importing Assets/Scripts/Rotator.cs using Guid(52fe839e883667b469bbb172d7f9e819) Importer(815301076,1909f56bfc062723c751e8b465ee728b)  -> (artifact id: 'e5801785ea5af5c30de6de808e593501') in 0.018334 seconds
  Import took 0.021976 seconds .

========================================================================
Received Import Request.
  Time since last request: 1.565637 seconds.
  path: Assets/Scripts/Rotator.cs
  artifactKey: Guid(52fe839e883667b469bbb172d7f9e819) Importer(815301076,1909f56bfc062723c751e8b465ee728b)
Start importing Assets/Scripts/Rotator.cs using Guid(52fe839e883667b469bbb172d7f9e819) Importer(815301076,1909f56bfc062723c751e8b465ee728b)  -> (artifact id: 'e5801785ea5af5c30de6de808e593501') in 0.001586 seconds
  Import took 0.005157 seconds .

========================================================================
Received Prepare
Registering precompiled user dll's ...
Registered in 0.001785 seconds.
Begin MonoManager ReloadAssembly
Native extension for WindowsStandalone target not found
Refreshing native plugins compatible for Editor in 0.51 ms, found 0 plugins.
Preloading 0 native plugins for Editor in 0.00 ms.
Mono: successfully reloaded assembly
- Completed reload, in  0.796 seconds
Platform modules already initialized, skipping
Shader 'Universal Render Pipeline/Particles/Lit': fallback shader 'Universal Render Pipeline/Particles/SimpleLit' not found
Shader 'Universal Render Pipeline/Particles/Lit': fallback shader 'Universal Render Pipeline/Particles/SimpleLit' not found
Refreshing native plugins compatible for Editor in 0.47 ms, found 0 plugins.
Preloading 0 native plugins for Editor in 0.00 ms.
Unloading 2645 Unused Serialized files (Serialized files now loaded: 0)
System memory in use before: 121.3 MB.
System memory in use after: 118.5 MB.

Unloading 40 unused Assets to reduce memory usage. Loaded Objects now: 3133.
Total: 3.353900 ms (FindLiveObjects: 0.293500 ms CreateObjectMapping: 0.068300 ms MarkObjects: 1.774800 ms  DeleteObjects: 1.216600 ms)

========================================================================
Received Prepare
Registering precompiled user dll's ...
Registered in 0.001149 seconds.
Begin MonoManager ReloadAssembly
Native extension for WindowsStandalone target not found
Refreshing native plugins compatible for Editor in 0.46 ms, found 0 plugins.
Preloading 0 native plugins for Editor in 0.00 ms.
Mono: successfully reloaded assembly
- Completed reload, in  0.723 seconds
Platform modules already initialized, skipping
Shader 'Universal Render Pipeline/Particles/Lit': fallback shader 'Universal Render Pipeline/Particles/SimpleLit' not found
Shader 'Universal Render Pipeline/Particles/Lit': fallback shader 'Universal Render Pipeline/Particles/SimpleLit' not found
Refreshing native plugins compatible for Editor in 0.47 ms, found 0 plugins.
Preloading 0 native plugins for Editor in 0.00 ms.
Unloading 2645 Unused Serialized files (Serialized files now loaded: 0)
System memory in use before: 121.3 MB.
System memory in use after: 118.6 MB.

Unloading 40 unused Assets to reduce memory usage. Loaded Objects now: 3136.
Total: 3.684600 ms (FindLiveObjects: 0.295000 ms CreateObjectMapping: 0.082500 ms MarkObjects: 1.925800 ms  DeleteObjects: 1.380200 ms)

========================================================================
Received Import Request.
  Time since last request: 142.345242 seconds.
  path: Assets/Prefabs
  artifactKey: Guid(e183bd4c9b0aff2499a1c1723df59383) Importer(815301076,1909f56bfc062723c751e8b465ee728b)
Start importing Assets/Prefabs using Guid(e183bd4c9b0aff2499a1c1723df59383) Importer(815301076,1909f56bfc062723c751e8b465ee728b)  -> (artifact id: '64f3a8f4e29730b12727001abf50361e') in 0.009876 seconds
  Import took 0.013915 seconds .

========================================================================
Received Import Request.
  Time since last request: 1.724814 seconds.
  path: Assets/Prefabs/PickUp.prefab
  artifactKey: Guid(fecb02e44ce400941b2bcc264b7e01bd) Importer(815301076,1909f56bfc062723c751e8b465ee728b)
Start importing Assets/Prefabs/PickUp.prefab using Guid(fecb02e44ce400941b2bcc264b7e01bd) Importer(815301076,1909f56bfc062723c751e8b465ee728b)  -> (artifact id: '0a18ccb9e7b7b54264456da096918c27') in 0.170401 seconds
  Import took 0.174675 seconds .

========================================================================
Received Prepare
Registering precompiled user dll's ...
Registered in 0.001067 seconds.
Begin MonoManager ReloadAssembly
Native extension for WindowsStandalone target not found
Refreshing native plugins compatible for Editor in 0.48 ms, found 0 plugins.
Preloading 0 native plugins for Editor in 0.00 ms.
Mono: successfully reloaded assembly
- Completed reload, in  0.738 seconds
Platform modules already initialized, skipping
Shader 'Universal Render Pipeline/Particles/Lit': fallback shader 'Universal Render Pipeline/Particles/SimpleLit' not found
Shader 'Universal Render Pipeline/Particles/Lit': fallback shader 'Universal Render Pipeline/Particles/SimpleLit' not found
Refreshing native plugins compatible for Editor in 0.44 ms, found 0 plugins.
Preloading 0 native plugins for Editor in 0.00 ms.
Unloading 2645 Unused Serialized files (Serialized files now loaded: 0)
System memory in use before: 126.6 MB.
System memory in use after: 123.9 MB.

Unloading 40 unused Assets to reduce memory usage. Loaded Objects now: 3185.
Total: 3.517400 ms (FindLiveObjects: 0.307900 ms CreateObjectMapping: 0.078400 ms MarkObjects: 1.960700 ms  DeleteObjects: 1.169300 ms)

========================================================================
Received Import Request.
  Time since last request: 403.629476 seconds.
  path: Assets/Scripts/PlayerController.cs
  artifactKey: Guid(da1a076e1a9df5c4cbf9fd738a219fef) Importer(815301076,1909f56bfc062723c751e8b465ee728b)
Start importing Assets/Scripts/PlayerController.cs using Guid(da1a076e1a9df5c4cbf9fd738a219fef) Importer(815301076,1909f56bfc062723c751e8b465ee728b)  -> (artifact id: '39ae26526a7a9a36a176f98a7781b9a7') in 0.005019 seconds
  Import took 0.009017 seconds .

========================================================================
Received Import Request.
  Time since last request: 0.000249 seconds.
  path: Assets/Scripts/PlayerController.cs
  artifactKey: Guid(da1a076e1a9df5c4cbf9fd738a219fef) Importer(815301076,1909f56bfc062723c751e8b465ee728b)
Start importing Assets/Scripts/PlayerController.cs using Guid(da1a076e1a9df5c4cbf9fd738a219fef) Importer(815301076,1909f56bfc062723c751e8b465ee728b)  -> (artifact id: '39ae26526a7a9a36a176f98a7781b9a7') in 0.001728 seconds
  Import took 0.005386 seconds .

========================================================================
Received Prepare
Registering precompiled user dll's ...
Registered in 0.001351 seconds.
Begin MonoManager ReloadAssembly
Native extension for WindowsStandalone target not found
Refreshing native plugins compatible for Editor in 0.49 ms, found 0 plugins.
Preloading 0 native plugins for Editor in 0.00 ms.
Mono: successfully reloaded assembly
- Completed reload, in  0.775 seconds
Platform modules already initialized, skipping
Shader 'Universal Render Pipeline/Particles/Lit': fallback shader 'Universal Render Pipeline/Particles/SimpleLit' not found
Shader 'Universal Render Pipeline/Particles/Lit': fallback shader 'Universal Render Pipeline/Particles/SimpleLit' not found
Refreshing native plugins compatible for Editor in 0.47 ms, found 0 plugins.
Preloading 0 native plugins for Editor in 0.00 ms.
Unloading 2645 Unused Serialized files (Serialized files now loaded: 0)
System memory in use before: 126.6 MB.
System memory in use after: 123.9 MB.

Unloading 40 unused Assets to reduce memory usage. Loaded Objects now: 3188.
Total: 3.457700 ms (FindLiveObjects: 0.323400 ms CreateObjectMapping: 0.071400 ms MarkObjects: 1.732000 ms  DeleteObjects: 1.329500 ms)

========================================================================
Received Import Request.
  Time since last request: 312.307049 seconds.
  path: Assets/Scripts/PlayerController.cs
  artifactKey: Guid(da1a076e1a9df5c4cbf9fd738a219fef) Importer(815301076,1909f56bfc062723c751e8b465ee728b)
Start importing Assets/Scripts/PlayerController.cs using Guid(da1a076e1a9df5c4cbf9fd738a219fef) Importer(815301076,1909f56bfc062723c751e8b465ee728b)  -> (artifact id: '8f447fae62ba42e22ea20374863b4a1d') in 0.004868 seconds
  Import took 0.008615 seconds .

========================================================================
Received Import Request.
  Time since last request: 108.876403 seconds.
  path: ProjectSettings/TagManager.asset
  artifactKey: Guid(00000000000000003000000000000000) Importer(815301076,1909f56bfc062723c751e8b465ee728b)
Start importing ProjectSettings/TagManager.asset using Guid(00000000000000003000000000000000) Importer(815301076,1909f56bfc062723c751e8b465ee728b)  -> (artifact id: '2d3bb889014c45a1c21d1c0c6791105b') in 0.012582 seconds
  Import took 0.016372 seconds .

========================================================================
Received Import Request.
  Time since last request: 33.781665 seconds.
  path: Assets/Prefabs/PickUp.prefab
  artifactKey: Guid(fecb02e44ce400941b2bcc264b7e01bd) Importer(815301076,1909f56bfc062723c751e8b465ee728b)
Start importing Assets/Prefabs/PickUp.prefab using Guid(fecb02e44ce400941b2bcc264b7e01bd) Importer(815301076,1909f56bfc062723c751e8b465ee728b)  -> (artifact id: '74c8dc7f8fc3d7055522ee900301b504') in 0.118386 seconds
  Import took 0.122474 seconds .

========================================================================
Received Prepare
Registering precompiled user dll's ...
Registered in 0.001148 seconds.
Begin MonoManager ReloadAssembly
Native extension for WindowsStandalone target not found
Refreshing native plugins compatible for Editor in 0.55 ms, found 0 plugins.
Preloading 0 native plugins for Editor in 0.00 ms.
Mono: successfully reloaded assembly
- Completed reload, in  0.758 seconds
Platform modules already initialized, skipping
Shader 'Universal Render Pipeline/Particles/Lit': fallback shader 'Universal Render Pipeline/Particles/SimpleLit' not found
Shader 'Universal Render Pipeline/Particles/Lit': fallback shader 'Universal Render Pipeline/Particles/SimpleLit' not found
Refreshing native plugins compatible for Editor in 0.44 ms, found 0 plugins.
Preloading 0 native plugins for Editor in 0.00 ms.
Unloading 2645 Unused Serialized files (Serialized files now loaded: 0)
System memory in use before: 126.8 MB.
System memory in use after: 124.0 MB.

Unloading 41 unused Assets to reduce memory usage. Loaded Objects now: 3227.
Total: 3.608300 ms (FindLiveObjects: 0.317600 ms CreateObjectMapping: 0.068700 ms MarkObjects: 1.776600 ms  DeleteObjects: 1.443800 ms)

========================================================================
Received Prepare
Registering precompiled user dll's ...
Registered in 0.001278 seconds.
Begin MonoManager ReloadAssembly
Native extension for WindowsStandalone target not found
Refreshing native plugins compatible for Editor in 0.51 ms, found 0 plugins.
Preloading 0 native plugins for Editor in 0.00 ms.
Mono: successfully reloaded assembly
- Completed reload, in  0.786 seconds
Platform modules already initialized, skipping
Shader 'Universal Render Pipeline/Particles/Lit': fallback shader 'Universal Render Pipeline/Particles/SimpleLit' not found
Shader 'Universal Render Pipeline/Particles/Lit': fallback shader 'Universal Render Pipeline/Particles/SimpleLit' not found
Refreshing native plugins compatible for Editor in 0.46 ms, found 0 plugins.
Preloading 0 native plugins for Editor in 0.00 ms.
Unloading 2645 Unused Serialized files (Serialized files now loaded: 0)
System memory in use before: 126.7 MB.
System memory in use after: 124.0 MB.

Unloading 40 unused Assets to reduce memory usage. Loaded Objects now: 3230.
Total: 3.612800 ms (FindLiveObjects: 0.309900 ms CreateObjectMapping: 0.081300 ms MarkObjects: 1.888300 ms  DeleteObjects: 1.332300 ms)

========================================================================
Received Import Request.
  Time since last request: 272.545812 seconds.
  path: Assets/Prefabs/PickUp.prefab
  artifactKey: Guid(fecb02e44ce400941b2bcc264b7e01bd) Importer(815301076,1909f56bfc062723c751e8b465ee728b)
Start importing Assets/Prefabs/PickUp.prefab using Guid(fecb02e44ce400941b2bcc264b7e01bd) Importer(815301076,1909f56bfc062723c751e8b465ee728b)  -> (artifact id: '0182dd873ffcb534da0923affbb54bae') in 0.125525 seconds
  Import took 0.129801 seconds .

========================================================================
Received Prepare
Registering precompiled user dll's ...
Registered in 0.001426 seconds.
Begin MonoManager ReloadAssembly
Native extension for WindowsStandalone target not found
Refreshing native plugins compatible for Editor in 0.44 ms, found 0 plugins.
Preloading 0 native plugins for Editor in 0.00 ms.
Mono: successfully reloaded assembly
- Completed reload, in  0.738 seconds
Platform modules already initialized, skipping
Shader 'Universal Render Pipeline/Particles/Lit': fallback shader 'Universal Render Pipeline/Particles/SimpleLit' not found
Shader 'Universal Render Pipeline/Particles/Lit': fallback shader 'Universal Render Pipeline/Particles/SimpleLit' not found
Refreshing native plugins compatible for Editor in 0.46 ms, found 0 plugins.
Preloading 0 native plugins for Editor in 0.00 ms.
Unloading 2645 Unused Serialized files (Serialized files now loaded: 0)
System memory in use before: 126.9 MB.
System memory in use after: 124.2 MB.

Unloading 40 unused Assets to reduce memory usage. Loaded Objects now: 3269.
Total: 3.425300 ms (FindLiveObjects: 0.269000 ms CreateObjectMapping: 0.071500 ms MarkObjects: 1.724200 ms  DeleteObjects: 1.359600 ms)

========================================================================
Received Import Request.
  Time since last request: 80.530382 seconds.
  path: Assets/Prefabs/PickUp.prefab
  artifactKey: Guid(fecb02e44ce400941b2bcc264b7e01bd) Importer(815301076,1909f56bfc062723c751e8b465ee728b)
Start importing Assets/Prefabs/PickUp.prefab using Guid(fecb02e44ce400941b2bcc264b7e01bd) Importer(815301076,1909f56bfc062723c751e8b465ee728b)  -> (artifact id: '1471b47c90e29b733f302c3d412d1c59') in 0.124951 seconds
  Import took 0.129564 seconds .

========================================================================
Received Prepare
Registering precompiled user dll's ...
Registered in 0.000964 seconds.
Begin MonoManager ReloadAssembly
Native extension for WindowsStandalone target not found
Refreshing native plugins compatible for Editor in 0.45 ms, found 0 plugins.
Preloading 0 native plugins for Editor in 0.00 ms.
Mono: successfully reloaded assembly
- Completed reload, in  0.737 seconds
Platform modules already initialized, skipping
Shader 'Universal Render Pipeline/Particles/Lit': fallback shader 'Universal Render Pipeline/Particles/SimpleLit' not found
Shader 'Universal Render Pipeline/Particles/Lit': fallback shader 'Universal Render Pipeline/Particles/SimpleLit' not found
Refreshing native plugins compatible for Editor in 0.44 ms, found 0 plugins.
Preloading 0 native plugins for Editor in 0.00 ms.
Unloading 2645 Unused Serialized files (Serialized files now loaded: 0)
System memory in use before: 127.0 MB.
System memory in use after: 124.3 MB.

Unloading 40 unused Assets to reduce memory usage. Loaded Objects now: 3308.
Total: 3.695200 ms (FindLiveObjects: 0.266300 ms CreateObjectMapping: 0.078600 ms MarkObjects: 1.945500 ms  DeleteObjects: 1.404100 ms)

========================================================================
Received Import Request.
  Time since last request: 39.950063 seconds.
  path: Assets/Prefabs/PickUp.prefab
  artifactKey: Guid(fecb02e44ce400941b2bcc264b7e01bd) Importer(815301076,1909f56bfc062723c751e8b465ee728b)
Start importing Assets/Prefabs/PickUp.prefab using Guid(fecb02e44ce400941b2bcc264b7e01bd) Importer(815301076,1909f56bfc062723c751e8b465ee728b)  -> (artifact id: 'e1c94034652b2f053c57823148fed9a3') in 0.120533 seconds
  Import took 0.124707 seconds .

========================================================================
Received Import Request.
  Time since last request: 6.848054 seconds.
  path: Assets/Prefabs/PickUp.prefab
  artifactKey: Guid(fecb02e44ce400941b2bcc264b7e01bd) Importer(815301076,1909f56bfc062723c751e8b465ee728b)
Start importing Assets/Prefabs/PickUp.prefab using Guid(fecb02e44ce400941b2bcc264b7e01bd) Importer(815301076,1909f56bfc062723c751e8b465ee728b)  -> (artifact id: '2cdfacc06e977764a8d6d29cb1b09c38') in 0.005847 seconds
  Import took 0.009618 seconds .

========================================================================
Received Prepare
Registering precompiled user dll's ...
Registered in 0.001226 seconds.
Begin MonoManager ReloadAssembly
Native extension for WindowsStandalone target not found
Refreshing native plugins compatible for Editor in 0.54 ms, found 0 plugins.
Preloading 0 native plugins for Editor in 0.00 ms.
Mono: successfully reloaded assembly
- Completed reload, in  0.841 seconds
Platform modules already initialized, skipping
Shader 'Universal Render Pipeline/Particles/Lit': fallback shader 'Universal Render Pipeline/Particles/SimpleLit' not found
Shader 'Universal Render Pipeline/Particles/Lit': fallback shader 'Universal Render Pipeline/Particles/SimpleLit' not found
Refreshing native plugins compatible for Editor in 0.46 ms, found 0 plugins.
Preloading 0 native plugins for Editor in 0.00 ms.
Unloading 2645 Unused Serialized files (Serialized files now loaded: 0)
System memory in use before: 127.3 MB.
System memory in use after: 124.5 MB.

Unloading 40 unused Assets to reduce memory usage. Loaded Objects now: 3347.
Total: 6.537500 ms (FindLiveObjects: 0.619500 ms CreateObjectMapping: 0.109400 ms MarkObjects: 3.853400 ms  DeleteObjects: 1.953700 ms)

========================================================================
Received Import Request.
  Time since last request: 348.393196 seconds.
  path: Assets/Scripts/PlayerController.cs
  artifactKey: Guid(da1a076e1a9df5c4cbf9fd738a219fef) Importer(815301076,1909f56bfc062723c751e8b465ee728b)
Start importing Assets/Scripts/PlayerController.cs using Guid(da1a076e1a9df5c4cbf9fd738a219fef) Importer(815301076,1909f56bfc062723c751e8b465ee728b)  -> (artifact id: '0c66a8a35144c18be705615ed9bcb0f7') in 0.005772 seconds
  Import took 0.010008 seconds .

========================================================================
Received Import Request.
  Time since last request: 0.000368 seconds.
  path: Assets/Scripts/PlayerController.cs
  artifactKey: Guid(da1a076e1a9df5c4cbf9fd738a219fef) Importer(815301076,1909f56bfc062723c751e8b465ee728b)
Start importing Assets/Scripts/PlayerController.cs using Guid(da1a076e1a9df5c4cbf9fd738a219fef) Importer(815301076,1909f56bfc062723c751e8b465ee728b)  -> (artifact id: '0c66a8a35144c18be705615ed9bcb0f7') in 0.001669 seconds
  Import took 0.005663 seconds .

========================================================================
Received Prepare
Registering precompiled user dll's ...
Registered in 0.001115 seconds.
Begin MonoManager ReloadAssembly
Native extension for WindowsStandalone target not found
Refreshing native plugins compatible for Editor in 0.44 ms, found 0 plugins.
Preloading 0 native plugins for Editor in 0.00 ms.
Mono: successfully reloaded assembly
- Completed reload, in  0.719 seconds
Platform modules already initialized, skipping
Shader 'Universal Render Pipeline/Particles/Lit': fallback shader 'Universal Render Pipeline/Particles/SimpleLit' not found
Shader 'Universal Render Pipeline/Particles/Lit': fallback shader 'Universal Render Pipeline/Particles/SimpleLit' not found
Refreshing native plugins compatible for Editor in 0.43 ms, found 0 plugins.
Preloading 0 native plugins for Editor in 0.00 ms.
Unloading 2645 Unused Serialized files (Serialized files now loaded: 0)
System memory in use before: 127.2 MB.
System memory in use after: 124.5 MB.

Unloading 40 unused Assets to reduce memory usage. Loaded Objects now: 3350.
Total: 3.665700 ms (FindLiveObjects: 0.294200 ms CreateObjectMapping: 0.067000 ms MarkObjects: 1.890200 ms  DeleteObjects: 1.413300 ms)

========================================================================
Received Import Request.
  Time since last request: 114.411749 seconds.
  path: Assets/Scripts/PlayerController.cs
  artifactKey: Guid(da1a076e1a9df5c4cbf9fd738a219fef) Importer(815301076,1909f56bfc062723c751e8b465ee728b)
Start importing Assets/Scripts/PlayerController.cs using Guid(da1a076e1a9df5c4cbf9fd738a219fef) Importer(815301076,1909f56bfc062723c751e8b465ee728b)  -> (artifact id: 'd3fd1f0b7e7a9b07828a2a7b5549d9a7') in 0.005368 seconds
  Import took 0.009422 seconds .

========================================================================
Received Import Request.
  Time since last request: 537.652343 seconds.
  path: Assets/Scripts/PlayerController.cs
  artifactKey: Guid(da1a076e1a9df5c4cbf9fd738a219fef) Importer(815301076,1909f56bfc062723c751e8b465ee728b)
Start importing Assets/Scripts/PlayerController.cs using Guid(da1a076e1a9df5c4cbf9fd738a219fef) Importer(815301076,1909f56bfc062723c751e8b465ee728b)  -> (artifact id: '00151085ab194222c504c9c1cdc37342') in 0.001801 seconds
  Import took 0.005873 seconds .

========================================================================
Received Import Request.
  Time since last request: 16.026191 seconds.
  path: Assets/Scripts/PlayerController.cs
  artifactKey: Guid(da1a076e1a9df5c4cbf9fd738a219fef) Importer(815301076,1909f56bfc062723c751e8b465ee728b)
Start importing Assets/Scripts/PlayerController.cs using Guid(da1a076e1a9df5c4cbf9fd738a219fef) Importer(815301076,1909f56bfc062723c751e8b465ee728b)  -> (artifact id: '675e965b9e077f0dd74f67ef4a7c0f37') in 0.001802 seconds
  Import took 0.005985 seconds .

========================================================================
Received Import Request.
  Time since last request: 46.447551 seconds.
  path: Assets/Scripts/PlayerController.cs
  artifactKey: Guid(da1a076e1a9df5c4cbf9fd738a219fef) Importer(815301076,1909f56bfc062723c751e8b465ee728b)
Start importing Assets/Scripts/PlayerController.cs using Guid(da1a076e1a9df5c4cbf9fd738a219fef) Importer(815301076,1909f56bfc062723c751e8b465ee728b)  -> (artifact id: '3b3de6de10d095bae2d39bdb0f0f364a') in 0.001656 seconds
  Import took 0.005350 seconds .

========================================================================
Received Import Request.
  Time since last request: 8.787823 seconds.
  path: Assets/Scripts/PlayerController.cs
  artifactKey: Guid(da1a076e1a9df5c4cbf9fd738a219fef) Importer(815301076,1909f56bfc062723c751e8b465ee728b)
Start importing Assets/Scripts/PlayerController.cs using Guid(da1a076e1a9df5c4cbf9fd738a219fef) Importer(815301076,1909f56bfc062723c751e8b465ee728b)  -> (artifact id: '3b2967c0a48f8bd74425ce6f7581f1cc') in 0.001631 seconds
  Import took 0.005233 seconds .

========================================================================
Received Prepare
Registering precompiled user dll's ...
Registered in 0.001080 seconds.
Begin MonoManager ReloadAssembly
Native extension for WindowsStandalone target not found
Refreshing native plugins compatible for Editor in 0.45 ms, found 0 plugins.
Preloading 0 native plugins for Editor in 0.00 ms.
Mono: successfully reloaded assembly
- Completed reload, in  0.726 seconds
Platform modules already initialized, skipping
Shader 'Universal Render Pipeline/Particles/Lit': fallback shader 'Universal Render Pipeline/Particles/SimpleLit' not found
Shader 'Universal Render Pipeline/Particles/Lit': fallback shader 'Universal Render Pipeline/Particles/SimpleLit' not found
Refreshing native plugins compatible for Editor in 0.45 ms, found 0 plugins.
Preloading 0 native plugins for Editor in 0.00 ms.
Unloading 2658 Unused Serialized files (Serialized files now loaded: 0)
System memory in use before: 129.2 MB.
System memory in use after: 125.8 MB.

Unloading 53 unused Assets to reduce memory usage. Loaded Objects now: 3353.
Total: 3.809800 ms (FindLiveObjects: 0.334800 ms CreateObjectMapping: 0.084000 ms MarkObjects: 1.787500 ms  DeleteObjects: 1.602400 ms)

========================================================================
Received Import Request.
  Time since last request: 30.851352 seconds.
  path: Assets/Scripts/PlayerController.cs
  artifactKey: Guid(da1a076e1a9df5c4cbf9fd738a219fef) Importer(815301076,1909f56bfc062723c751e8b465ee728b)
Start importing Assets/Scripts/PlayerController.cs using Guid(da1a076e1a9df5c4cbf9fd738a219fef) Importer(815301076,1909f56bfc062723c751e8b465ee728b)  -> (artifact id: '6ca35cc1dcb69e13730fb299584cff1b') in 0.004954 seconds
  Import took 0.008650 seconds .

========================================================================
Received Prepare
Registering precompiled user dll's ...
Registered in 0.001124 seconds.
Begin MonoManager ReloadAssembly
Native extension for WindowsStandalone target not found
Refreshing native plugins compatible for Editor in 0.45 ms, found 0 plugins.
Preloading 0 native plugins for Editor in 0.00 ms.
Mono: successfully reloaded assembly
- Completed reload, in  0.742 seconds
Platform modules already initialized, skipping
Shader 'Universal Render Pipeline/Particles/Lit': fallback shader 'Universal Render Pipeline/Particles/SimpleLit' not found
Shader 'Universal Render Pipeline/Particles/Lit': fallback shader 'Universal Render Pipeline/Particles/SimpleLit' not found
Refreshing native plugins compatible for Editor in 0.48 ms, found 0 plugins.
Preloading 0 native plugins for Editor in 0.00 ms.
Unloading 2658 Unused Serialized files (Serialized files now loaded: 0)
System memory in use before: 129.3 MB.
System memory in use after: 125.9 MB.

Unloading 53 unused Assets to reduce memory usage. Loaded Objects now: 3356.
Total: 4.075800 ms (FindLiveObjects: 0.347900 ms CreateObjectMapping: 0.069900 ms MarkObjects: 2.001500 ms  DeleteObjects: 1.655700 ms)

========================================================================
Received Prepare
Registering precompiled user dll's ...
Registered in 0.001231 seconds.
Begin MonoManager ReloadAssembly
Native extension for WindowsStandalone target not found
Refreshing native plugins compatible for Editor in 0.47 ms, found 0 plugins.
Preloading 0 native plugins for Editor in 0.00 ms.
Mono: successfully reloaded assembly
- Completed reload, in  0.787 seconds
Platform modules already initialized, skipping
Shader 'Universal Render Pipeline/Particles/Lit': fallback shader 'Universal Render Pipeline/Particles/SimpleLit' not found
Shader 'Universal Render Pipeline/Particles/Lit': fallback shader 'Universal Render Pipeline/Particles/SimpleLit' not found
Refreshing native plugins compatible for Editor in 0.44 ms, found 0 plugins.
Preloading 0 native plugins for Editor in 0.00 ms.
Unloading 2658 Unused Serialized files (Serialized files now loaded: 0)
System memory in use before: 129.3 MB.
System memory in use after: 125.9 MB.

Unloading 53 unused Assets to reduce memory usage. Loaded Objects now: 3359.
Total: 4.205400 ms (FindLiveObjects: 0.321300 ms CreateObjectMapping: 0.078500 ms MarkObjects: 2.145200 ms  DeleteObjects: 1.658700 ms)

========================================================================
Received Prepare
Registering precompiled user dll's ...
Registered in 0.001176 seconds.
Begin MonoManager ReloadAssembly
Native extension for WindowsStandalone target not found
Refreshing native plugins compatible for Editor in 0.46 ms, found 0 plugins.
Preloading 0 native plugins for Editor in 0.00 ms.
Mono: successfully reloaded assembly
- Completed reload, in  0.745 seconds
Platform modules already initialized, skipping
Shader 'Universal Render Pipeline/Particles/Lit': fallback shader 'Universal Render Pipeline/Particles/SimpleLit' not found
Shader 'Universal Render Pipeline/Particles/Lit': fallback shader 'Universal Render Pipeline/Particles/SimpleLit' not found
Refreshing native plugins compatible for Editor in 0.44 ms, found 0 plugins.
Preloading 0 native plugins for Editor in 0.00 ms.
Unloading 2658 Unused Serialized files (Serialized files now loaded: 0)
System memory in use before: 129.2 MB.
System memory in use after: 125.9 MB.

Unloading 53 unused Assets to reduce memory usage. Loaded Objects now: 3362.
Total: 3.816000 ms (FindLiveObjects: 0.285000 ms CreateObjectMapping: 0.068800 ms MarkObjects: 1.821800 ms  DeleteObjects: 1.639600 ms)

========================================================================
Received Prepare
Registering precompiled user dll's ...
Registered in 0.001324 seconds.
Begin MonoManager ReloadAssembly
Native extension for WindowsStandalone target not found
Refreshing native plugins compatible for Editor in 0.48 ms, found 0 plugins.
Preloading 0 native plugins for Editor in 0.00 ms.
Mono: successfully reloaded assembly
- Completed reload, in  0.842 seconds
Platform modules already initialized, skipping
Shader 'Universal Render Pipeline/Particles/Lit': fallback shader 'Universal Render Pipeline/Particles/SimpleLit' not found
Shader 'Universal Render Pipeline/Particles/Lit': fallback shader 'Universal Render Pipeline/Particles/SimpleLit' not found
Refreshing native plugins compatible for Editor in 0.48 ms, found 0 plugins.
Preloading 0 native plugins for Editor in 0.00 ms.
Unloading 2658 Unused Serialized files (Serialized files now loaded: 0)
System memory in use before: 129.2 MB.
System memory in use after: 125.9 MB.

Unloading 53 unused Assets to reduce memory usage. Loaded Objects now: 3365.
Total: 4.218800 ms (FindLiveObjects: 0.267400 ms CreateObjectMapping: 0.066800 ms MarkObjects: 2.239300 ms  DeleteObjects: 1.644200 ms)

========================================================================
Received Prepare
Shader 'Universal Render Pipeline/Particles/Lit': fallback shader 'Universal Render Pipeline/Particles/SimpleLit' not found
Shader 'Universal Render Pipeline/Particles/Lit': fallback shader 'Universal Render Pipeline/Particles/SimpleLit' not found
Refreshing native plugins compatible for Editor in 1.12 ms, found 0 plugins.
Preloading 0 native plugins for Editor in 0.00 ms.
Unloading 51 Unused Serialized files (Serialized files now loaded: 0)
System memory in use before: 77.8 MB.
System memory in use after: 74.4 MB.

Unloading 51 unused Assets to reduce memory usage. Loaded Objects now: 3365.
Total: 4.026000 ms (FindLiveObjects: 0.363500 ms CreateObjectMapping: 0.081500 ms MarkObjects: 1.824600 ms  DeleteObjects: 1.755100 ms)

