Using pre-set license
Built from '2020.3/staging' branch; Version is '2020.3.6f1 (338bb68529b2) revision 3378102'; Using compiler version '192528614'; Build Type 'Release'
OS: 'Windows 10 Home; OS build 19042.928; Version 2009; 64bit' Language: 'en' Physical Memory: 16299 MB
BatchMode: 1, IsHumanControllingUs: 0, StartBugReporterOnCrash: 0, Is64bit: 1, IsPro: 0

 COMMAND LINE ARGUMENTS:
C:\Program Files\Unity\Hub\Editor\2020.3.6f1\Editor\Unity.exe
-adb2
-batchMode
-noUpm
-name
AssetImportWorker0
-projectPath
C:/Users/Tom/Desktop/Roll-A-Ball
-logFile
Logs/AssetImportWorker0.log
-srvPort
61416
Successfully changed project path to: C:/Users/Tom/Desktop/Roll-A-Ball
C:/Users/Tom/Desktop/Roll-A-Ball
Using Asset Import Pipeline V2.
Refreshing native plugins compatible for Editor in 41.36 ms, found 0 plugins.
Preloading 0 native plugins for Editor in 0.00 ms.
Initialize engine version: 2020.3.6f1 (338bb68529b2)
[Subsystems] Discovering subsystems at path C:/Program Files/Unity/Hub/Editor/2020.3.6f1/Editor/Data/Resources/UnitySubsystems
[Subsystems] Discovering subsystems at path C:/Users/Tom/Desktop/Roll-A-Ball/Assets
GfxDevice: creating device client; threaded=0
Direct3D:
    Version:  Direct3D 11.0 [level 11.1]
    Renderer: Radeon RX 5700 (ID=0x731f)
    Vendor:   
    VRAM:     8152 MB
    Driver:   27.20.14502.212
Initialize mono
Mono path[0] = 'C:/Program Files/Unity/Hub/Editor/2020.3.6f1/Editor/Data/Managed'
Mono path[1] = 'C:/Program Files/Unity/Hub/Editor/2020.3.6f1/Editor/Data/MonoBleedingEdge/lib/mono/unityjit'
Mono config path = 'C:/Program Files/Unity/Hub/Editor/2020.3.6f1/Editor/Data/MonoBleedingEdge/etc'
Using monoOptions --debugger-agent=transport=dt_socket,embedding=1,server=y,suspend=n,address=127.0.0.1:56864
Begin MonoManager ReloadAssembly
Registering precompiled unity dll's ...
Register platform support module: C:/Program Files/Unity/Hub/Editor/2020.3.6f1/Editor/Data/PlaybackEngines/WindowsStandaloneSupport/UnityEditor.WindowsStandalone.Extensions.dll
Registered in 0.001492 seconds.
Native extension for WindowsStandalone target not found
Refreshing native plugins compatible for Editor in 42.06 ms, found 0 plugins.
Preloading 0 native plugins for Editor in 0.00 ms.
Mono: successfully reloaded assembly
- Completed reload, in  0.836 seconds
Platform modules already initialized, skipping
Registering precompiled user dll's ...
Registered in 0.000891 seconds.
Begin MonoManager ReloadAssembly
Native extension for WindowsStandalone target not found
Refreshing native plugins compatible for Editor in 41.95 ms, found 0 plugins.
Preloading 0 native plugins for Editor in 0.00 ms.
Mono: successfully reloaded assembly
- Completed reload, in  0.799 seconds
Platform modules already initialized, skipping
========================================================================
Worker process is ready to serve import requests
Shader 'Universal Render Pipeline/Particles/Lit': fallback shader 'Universal Render Pipeline/Particles/SimpleLit' not found
Shader 'Universal Render Pipeline/Particles/Lit': fallback shader 'Universal Render Pipeline/Particles/SimpleLit' not found
Launched and connected shader compiler UnityShaderCompiler.exe after 0.03 seconds
Refreshing native plugins compatible for Editor in 0.47 ms, found 0 plugins.
Preloading 0 native plugins for Editor in 0.00 ms.
Unloading 2733 Unused Serialized files (Serialized files now loaded: 0)
System memory in use before: 126.9 MB.
System memory in use after: 124.2 MB.

Unloading 47 unused Assets to reduce memory usage. Loaded Objects now: 3143.
Total: 3.695600 ms (FindLiveObjects: 0.369400 ms CreateObjectMapping: 0.083300 ms MarkObjects: 2.066200 ms  DeleteObjects: 1.175300 ms)

========================================================================
Received Import Request.
  path: Assets/Materials/PickUp.mat
  artifactKey: Guid(09980cd150a6d8a4bb6d7ee3ca04f3bd) Importer(815301076,1909f56bfc062723c751e8b465ee728b)
Start importing Assets/Materials/PickUp.mat using Guid(09980cd150a6d8a4bb6d7ee3ca04f3bd) Importer(815301076,1909f56bfc062723c751e8b465ee728b)  -> (artifact id: 'ddb1bf427e9e468709a3d2f330431d83') in 0.199683 seconds
  Import took 0.203742 seconds .

========================================================================
Received Import Request.
  Time since last request: 129.194932 seconds.
  path: Assets/Template/NewBehaviourScript.cs
  artifactKey: Guid(5995bfcdd9b8cbd40aa0dcee622926ea) Importer(815301076,1909f56bfc062723c751e8b465ee728b)
Start importing Assets/Template/NewBehaviourScript.cs using Guid(5995bfcdd9b8cbd40aa0dcee622926ea) Importer(815301076,1909f56bfc062723c751e8b465ee728b)  -> (artifact id: '6e62b12bf1519536666a4c9fc6949d83') in 0.008389 seconds
  Import took 0.012243 seconds .

========================================================================
Received Import Request.
  Time since last request: 0.001239 seconds.
  path: Assets/Template/NewBehaviourScript.cs
  artifactKey: Guid(5995bfcdd9b8cbd40aa0dcee622926ea) Importer(815301076,1909f56bfc062723c751e8b465ee728b)
Start importing Assets/Template/NewBehaviourScript.cs using Guid(5995bfcdd9b8cbd40aa0dcee622926ea) Importer(815301076,1909f56bfc062723c751e8b465ee728b)  -> (artifact id: '6e62b12bf1519536666a4c9fc6949d83') in 0.001486 seconds
  Import took 0.004570 seconds .

========================================================================
Received Prepare
Registering precompiled user dll's ...
Registered in 0.001198 seconds.
Begin MonoManager ReloadAssembly
Native extension for WindowsStandalone target not found
Refreshing native plugins compatible for Editor in 0.48 ms, found 0 plugins.
Preloading 0 native plugins for Editor in 0.00 ms.
Mono: successfully reloaded assembly
- Completed reload, in  0.754 seconds
Platform modules already initialized, skipping
Shader 'Universal Render Pipeline/Particles/Lit': fallback shader 'Universal Render Pipeline/Particles/SimpleLit' not found
Shader 'Universal Render Pipeline/Particles/Lit': fallback shader 'Universal Render Pipeline/Particles/SimpleLit' not found
Refreshing native plugins compatible for Editor in 0.50 ms, found 0 plugins.
Preloading 0 native plugins for Editor in 0.00 ms.
Unloading 2645 Unused Serialized files (Serialized files now loaded: 0)
System memory in use before: 127.7 MB.
System memory in use after: 124.9 MB.

Unloading 40 unused Assets to reduce memory usage. Loaded Objects now: 3224.
Total: 3.169900 ms (FindLiveObjects: 0.260900 ms CreateObjectMapping: 0.074500 ms MarkObjects: 1.724400 ms  DeleteObjects: 1.109400 ms)

========================================================================
Received Import Request.
  Time since last request: 10.827917 seconds.
  path: Assets/Scripts/PlayerController.cs
  artifactKey: Guid(da1a076e1a9df5c4cbf9fd738a219fef) Importer(815301076,1909f56bfc062723c751e8b465ee728b)
Start importing Assets/Scripts/PlayerController.cs using Guid(da1a076e1a9df5c4cbf9fd738a219fef) Importer(815301076,1909f56bfc062723c751e8b465ee728b)  -> (artifact id: '25ad9a39953f22460bfa99aabec8b409') in 0.009048 seconds
  Import took 0.013579 seconds .

========================================================================
Received Import Request.
  Time since last request: 0.018497 seconds.
  path: Assets/Scripts/PlayerController.cs
  artifactKey: Guid(da1a076e1a9df5c4cbf9fd738a219fef) Importer(815301076,1909f56bfc062723c751e8b465ee728b)
Start importing Assets/Scripts/PlayerController.cs using Guid(da1a076e1a9df5c4cbf9fd738a219fef) Importer(815301076,1909f56bfc062723c751e8b465ee728b)  -> (artifact id: '25ad9a39953f22460bfa99aabec8b409') in 0.002063 seconds
  Import took 0.005880 seconds .

========================================================================
Received Prepare
Registering precompiled user dll's ...
Registered in 0.001094 seconds.
Begin MonoManager ReloadAssembly
Native extension for WindowsStandalone target not found
Refreshing native plugins compatible for Editor in 0.44 ms, found 0 plugins.
Preloading 0 native plugins for Editor in 0.00 ms.
Mono: successfully reloaded assembly
- Completed reload, in  0.742 seconds
Platform modules already initialized, skipping
Shader 'Universal Render Pipeline/Particles/Lit': fallback shader 'Universal Render Pipeline/Particles/SimpleLit' not found
Shader 'Universal Render Pipeline/Particles/Lit': fallback shader 'Universal Render Pipeline/Particles/SimpleLit' not found
Refreshing native plugins compatible for Editor in 0.46 ms, found 0 plugins.
Preloading 0 native plugins for Editor in 0.00 ms.
Unloading 2646 Unused Serialized files (Serialized files now loaded: 0)
System memory in use before: 127.7 MB.
System memory in use after: 125.0 MB.

Unloading 40 unused Assets to reduce memory usage. Loaded Objects now: 3228.
Total: 3.525900 ms (FindLiveObjects: 0.304000 ms CreateObjectMapping: 0.065500 ms MarkObjects: 1.891900 ms  DeleteObjects: 1.263400 ms)

========================================================================
Received Prepare
Registering precompiled user dll's ...
Registered in 0.001108 seconds.
Begin MonoManager ReloadAssembly
Native extension for WindowsStandalone target not found
Refreshing native plugins compatible for Editor in 0.45 ms, found 0 plugins.
Preloading 0 native plugins for Editor in 0.00 ms.
Mono: successfully reloaded assembly
- Completed reload, in  0.753 seconds
Platform modules already initialized, skipping
Shader 'Universal Render Pipeline/Particles/Lit': fallback shader 'Universal Render Pipeline/Particles/SimpleLit' not found
Shader 'Universal Render Pipeline/Particles/Lit': fallback shader 'Universal Render Pipeline/Particles/SimpleLit' not found
Refreshing native plugins compatible for Editor in 0.46 ms, found 0 plugins.
Preloading 0 native plugins for Editor in 0.00 ms.
Unloading 2646 Unused Serialized files (Serialized files now loaded: 0)
System memory in use before: 127.8 MB.
System memory in use after: 125.0 MB.

Unloading 40 unused Assets to reduce memory usage. Loaded Objects now: 3231.
Total: 3.937800 ms (FindLiveObjects: 0.399500 ms CreateObjectMapping: 0.082700 ms MarkObjects: 2.108400 ms  DeleteObjects: 1.346200 ms)

========================================================================
Received Import Request.
  Time since last request: 237.789495 seconds.
  path: Assets/Scripts/DebugVariable.cs
  artifactKey: Guid(80ffa027426d730478c3ad05af6460e7) Importer(815301076,1909f56bfc062723c751e8b465ee728b)
Start importing Assets/Scripts/DebugVariable.cs using Guid(80ffa027426d730478c3ad05af6460e7) Importer(815301076,1909f56bfc062723c751e8b465ee728b)  -> (artifact id: '21cdfb80d3e98ee7123e72344d3ebfc1') in 0.009026 seconds
  Import took 0.014296 seconds .

========================================================================
Received Prepare
Registering precompiled user dll's ...
Registered in 0.001385 seconds.
Begin MonoManager ReloadAssembly
Native extension for WindowsStandalone target not found
Refreshing native plugins compatible for Editor in 0.45 ms, found 0 plugins.
Preloading 0 native plugins for Editor in 0.00 ms.
Mono: successfully reloaded assembly
- Completed reload, in  0.732 seconds
Platform modules already initialized, skipping
Shader 'Universal Render Pipeline/Particles/Lit': fallback shader 'Universal Render Pipeline/Particles/SimpleLit' not found
Shader 'Universal Render Pipeline/Particles/Lit': fallback shader 'Universal Render Pipeline/Particles/SimpleLit' not found
Refreshing native plugins compatible for Editor in 0.47 ms, found 0 plugins.
Preloading 0 native plugins for Editor in 0.00 ms.
Unloading 2646 Unused Serialized files (Serialized files now loaded: 0)
System memory in use before: 127.8 MB.
System memory in use after: 125.1 MB.

Unloading 40 unused Assets to reduce memory usage. Loaded Objects now: 3234.
Total: 3.555400 ms (FindLiveObjects: 0.271700 ms CreateObjectMapping: 0.066700 ms MarkObjects: 1.878400 ms  DeleteObjects: 1.337700 ms)

========================================================================
Received Import Request.
  Time since last request: 24.945407 seconds.
  path: Assets/Scripts/DebugVariable.cs
  artifactKey: Guid(80ffa027426d730478c3ad05af6460e7) Importer(815301076,1909f56bfc062723c751e8b465ee728b)
Start importing Assets/Scripts/DebugVariable.cs using Guid(80ffa027426d730478c3ad05af6460e7) Importer(815301076,1909f56bfc062723c751e8b465ee728b)  -> (artifact id: '16d89b223eae253b9248b9d198595c98') in 0.005216 seconds
  Import took 0.011256 seconds .

========================================================================
Received Prepare
Registering precompiled user dll's ...
Registered in 0.001091 seconds.
Begin MonoManager ReloadAssembly
Native extension for WindowsStandalone target not found
Refreshing native plugins compatible for Editor in 0.70 ms, found 0 plugins.
Preloading 0 native plugins for Editor in 0.00 ms.
Mono: successfully reloaded assembly
- Completed reload, in  0.740 seconds
Platform modules already initialized, skipping
Shader 'Universal Render Pipeline/Particles/Lit': fallback shader 'Universal Render Pipeline/Particles/SimpleLit' not found
Shader 'Universal Render Pipeline/Particles/Lit': fallback shader 'Universal Render Pipeline/Particles/SimpleLit' not found
Refreshing native plugins compatible for Editor in 0.45 ms, found 0 plugins.
Preloading 0 native plugins for Editor in 0.00 ms.
Unloading 2646 Unused Serialized files (Serialized files now loaded: 0)
System memory in use before: 127.8 MB.
System memory in use after: 125.1 MB.

Unloading 40 unused Assets to reduce memory usage. Loaded Objects now: 3237.
Total: 4.001400 ms (FindLiveObjects: 0.355200 ms CreateObjectMapping: 0.071100 ms MarkObjects: 2.150300 ms  DeleteObjects: 1.422900 ms)

========================================================================
Received Prepare
Registering precompiled user dll's ...
Registered in 0.001136 seconds.
Begin MonoManager ReloadAssembly
Native extension for WindowsStandalone target not found
Refreshing native plugins compatible for Editor in 0.46 ms, found 0 plugins.
Preloading 0 native plugins for Editor in 0.00 ms.
Mono: successfully reloaded assembly
- Completed reload, in  0.747 seconds
Platform modules already initialized, skipping
Shader 'Universal Render Pipeline/Particles/Lit': fallback shader 'Universal Render Pipeline/Particles/SimpleLit' not found
Shader 'Universal Render Pipeline/Particles/Lit': fallback shader 'Universal Render Pipeline/Particles/SimpleLit' not found
Refreshing native plugins compatible for Editor in 0.46 ms, found 0 plugins.
Preloading 0 native plugins for Editor in 0.00 ms.
Unloading 2646 Unused Serialized files (Serialized files now loaded: 0)
System memory in use before: 127.8 MB.
System memory in use after: 125.1 MB.

Unloading 40 unused Assets to reduce memory usage. Loaded Objects now: 3240.
Total: 3.584900 ms (FindLiveObjects: 0.279900 ms CreateObjectMapping: 0.066700 ms MarkObjects: 1.846300 ms  DeleteObjects: 1.391200 ms)

========================================================================
Received Prepare
Registering precompiled user dll's ...
Registered in 0.001249 seconds.
Begin MonoManager ReloadAssembly
Native extension for WindowsStandalone target not found
Refreshing native plugins compatible for Editor in 0.45 ms, found 0 plugins.
Preloading 0 native plugins for Editor in 0.00 ms.
Mono: successfully reloaded assembly
- Completed reload, in  0.742 seconds
Platform modules already initialized, skipping
Shader 'Universal Render Pipeline/Particles/Lit': fallback shader 'Universal Render Pipeline/Particles/SimpleLit' not found
Shader 'Universal Render Pipeline/Particles/Lit': fallback shader 'Universal Render Pipeline/Particles/SimpleLit' not found
Refreshing native plugins compatible for Editor in 0.48 ms, found 0 plugins.
Preloading 0 native plugins for Editor in 0.00 ms.
Unloading 2646 Unused Serialized files (Serialized files now loaded: 0)
System memory in use before: 127.8 MB.
System memory in use after: 125.1 MB.

Unloading 40 unused Assets to reduce memory usage. Loaded Objects now: 3243.
Total: 3.546600 ms (FindLiveObjects: 0.262200 ms CreateObjectMapping: 0.069300 ms MarkObjects: 1.848900 ms  DeleteObjects: 1.365500 ms)

========================================================================
Received Prepare
Registering precompiled user dll's ...
Registered in 0.001081 seconds.
Begin MonoManager ReloadAssembly
Native extension for WindowsStandalone target not found
Refreshing native plugins compatible for Editor in 0.46 ms, found 0 plugins.
Preloading 0 native plugins for Editor in 0.00 ms.
Mono: successfully reloaded assembly
- Completed reload, in  0.744 seconds
Platform modules already initialized, skipping
Shader 'Universal Render Pipeline/Particles/Lit': fallback shader 'Universal Render Pipeline/Particles/SimpleLit' not found
Shader 'Universal Render Pipeline/Particles/Lit': fallback shader 'Universal Render Pipeline/Particles/SimpleLit' not found
Refreshing native plugins compatible for Editor in 0.55 ms, found 0 plugins.
Preloading 0 native plugins for Editor in 0.00 ms.
Unloading 2646 Unused Serialized files (Serialized files now loaded: 0)
System memory in use before: 127.8 MB.
System memory in use after: 125.1 MB.

Unloading 40 unused Assets to reduce memory usage. Loaded Objects now: 3246.
Total: 3.771300 ms (FindLiveObjects: 0.392500 ms CreateObjectMapping: 0.067200 ms MarkObjects: 1.895000 ms  DeleteObjects: 1.415000 ms)

========================================================================
Received Prepare
Registering precompiled user dll's ...
Registered in 0.001117 seconds.
Begin MonoManager ReloadAssembly
Native extension for WindowsStandalone target not found
Refreshing native plugins compatible for Editor in 0.46 ms, found 0 plugins.
Preloading 0 native plugins for Editor in 0.00 ms.
Mono: successfully reloaded assembly
- Completed reload, in  0.736 seconds
Platform modules already initialized, skipping
Shader 'Universal Render Pipeline/Particles/Lit': fallback shader 'Universal Render Pipeline/Particles/SimpleLit' not found
Shader 'Universal Render Pipeline/Particles/Lit': fallback shader 'Universal Render Pipeline/Particles/SimpleLit' not found
Refreshing native plugins compatible for Editor in 0.45 ms, found 0 plugins.
Preloading 0 native plugins for Editor in 0.00 ms.
Unloading 2646 Unused Serialized files (Serialized files now loaded: 0)
System memory in use before: 127.9 MB.
System memory in use after: 125.1 MB.

Unloading 40 unused Assets to reduce memory usage. Loaded Objects now: 3249.
Total: 3.762800 ms (FindLiveObjects: 0.421400 ms CreateObjectMapping: 0.085500 ms MarkObjects: 1.865100 ms  DeleteObjects: 1.389800 ms)

========================================================================
Received Prepare
Registering precompiled user dll's ...
Registered in 0.001117 seconds.
Begin MonoManager ReloadAssembly
Native extension for WindowsStandalone target not found
Refreshing native plugins compatible for Editor in 0.45 ms, found 0 plugins.
Preloading 0 native plugins for Editor in 0.00 ms.
Mono: successfully reloaded assembly
- Completed reload, in  0.733 seconds
Platform modules already initialized, skipping
Shader 'Universal Render Pipeline/Particles/Lit': fallback shader 'Universal Render Pipeline/Particles/SimpleLit' not found
Shader 'Universal Render Pipeline/Particles/Lit': fallback shader 'Universal Render Pipeline/Particles/SimpleLit' not found
Refreshing native plugins compatible for Editor in 0.51 ms, found 0 plugins.
Preloading 0 native plugins for Editor in 0.00 ms.
Unloading 2646 Unused Serialized files (Serialized files now loaded: 0)
System memory in use before: 127.9 MB.
System memory in use after: 125.1 MB.

Unloading 40 unused Assets to reduce memory usage. Loaded Objects now: 3252.
Total: 3.536200 ms (FindLiveObjects: 0.259500 ms CreateObjectMapping: 0.067600 ms MarkObjects: 1.810000 ms  DeleteObjects: 1.398100 ms)

========================================================================
Received Prepare
Registering precompiled user dll's ...
Registered in 0.001186 seconds.
Begin MonoManager ReloadAssembly
Native extension for WindowsStandalone target not found
Refreshing native plugins compatible for Editor in 0.47 ms, found 0 plugins.
Preloading 0 native plugins for Editor in 0.00 ms.
Mono: successfully reloaded assembly
- Completed reload, in  0.754 seconds
Platform modules already initialized, skipping
Shader 'Universal Render Pipeline/Particles/Lit': fallback shader 'Universal Render Pipeline/Particles/SimpleLit' not found
Shader 'Universal Render Pipeline/Particles/Lit': fallback shader 'Universal Render Pipeline/Particles/SimpleLit' not found
Refreshing native plugins compatible for Editor in 0.46 ms, found 0 plugins.
Preloading 0 native plugins for Editor in 0.00 ms.
Unloading 2646 Unused Serialized files (Serialized files now loaded: 0)
System memory in use before: 127.9 MB.
System memory in use after: 125.1 MB.

Unloading 40 unused Assets to reduce memory usage. Loaded Objects now: 3255.
Total: 4.070400 ms (FindLiveObjects: 0.404400 ms CreateObjectMapping: 0.075700 ms MarkObjects: 2.155200 ms  DeleteObjects: 1.433700 ms)

========================================================================
Received Prepare
Registering precompiled user dll's ...
Registered in 0.001288 seconds.
Begin MonoManager ReloadAssembly
Native extension for WindowsStandalone target not found
Refreshing native plugins compatible for Editor in 0.45 ms, found 0 plugins.
Preloading 0 native plugins for Editor in 0.00 ms.
Mono: successfully reloaded assembly
- Completed reload, in  0.735 seconds
Platform modules already initialized, skipping
Shader 'Universal Render Pipeline/Particles/Lit': fallback shader 'Universal Render Pipeline/Particles/SimpleLit' not found
Shader 'Universal Render Pipeline/Particles/Lit': fallback shader 'Universal Render Pipeline/Particles/SimpleLit' not found
Refreshing native plugins compatible for Editor in 0.46 ms, found 0 plugins.
Preloading 0 native plugins for Editor in 0.00 ms.
Unloading 2646 Unused Serialized files (Serialized files now loaded: 0)
System memory in use before: 127.9 MB.
System memory in use after: 125.1 MB.

Unloading 40 unused Assets to reduce memory usage. Loaded Objects now: 3258.
Total: 3.610300 ms (FindLiveObjects: 0.272300 ms CreateObjectMapping: 0.078800 ms MarkObjects: 1.849700 ms  DeleteObjects: 1.408800 ms)

========================================================================
Received Prepare
Registering precompiled user dll's ...
Registered in 0.001305 seconds.
Begin MonoManager ReloadAssembly
Native extension for WindowsStandalone target not found
Refreshing native plugins compatible for Editor in 0.45 ms, found 0 plugins.
Preloading 0 native plugins for Editor in 0.00 ms.
Mono: successfully reloaded assembly
- Completed reload, in  0.742 seconds
Platform modules already initialized, skipping
Shader 'Universal Render Pipeline/Particles/Lit': fallback shader 'Universal Render Pipeline/Particles/SimpleLit' not found
Shader 'Universal Render Pipeline/Particles/Lit': fallback shader 'Universal Render Pipeline/Particles/SimpleLit' not found
Refreshing native plugins compatible for Editor in 0.46 ms, found 0 plugins.
Preloading 0 native plugins for Editor in 0.00 ms.
Unloading 2646 Unused Serialized files (Serialized files now loaded: 0)
System memory in use before: 127.9 MB.
System memory in use after: 125.1 MB.

Unloading 40 unused Assets to reduce memory usage. Loaded Objects now: 3261.
Total: 3.457500 ms (FindLiveObjects: 0.303900 ms CreateObjectMapping: 0.081700 ms MarkObjects: 1.711800 ms  DeleteObjects: 1.359200 ms)

========================================================================
Received Prepare
Registering precompiled user dll's ...
Registered in 0.001119 seconds.
Begin MonoManager ReloadAssembly
Native extension for WindowsStandalone target not found
Refreshing native plugins compatible for Editor in 0.45 ms, found 0 plugins.
Preloading 0 native plugins for Editor in 0.00 ms.
Mono: successfully reloaded assembly
- Completed reload, in  0.729 seconds
Platform modules already initialized, skipping
Shader 'Universal Render Pipeline/Particles/Lit': fallback shader 'Universal Render Pipeline/Particles/SimpleLit' not found
Shader 'Universal Render Pipeline/Particles/Lit': fallback shader 'Universal Render Pipeline/Particles/SimpleLit' not found
Refreshing native plugins compatible for Editor in 0.51 ms, found 0 plugins.
Preloading 0 native plugins for Editor in 0.00 ms.
Unloading 2646 Unused Serialized files (Serialized files now loaded: 0)
System memory in use before: 127.9 MB.
System memory in use after: 125.2 MB.

Unloading 40 unused Assets to reduce memory usage. Loaded Objects now: 3264.
Total: 3.893300 ms (FindLiveObjects: 0.344200 ms CreateObjectMapping: 0.080700 ms MarkObjects: 2.015700 ms  DeleteObjects: 1.451600 ms)

========================================================================
Received Prepare
Registering precompiled user dll's ...
Registered in 0.001136 seconds.
Begin MonoManager ReloadAssembly
Native extension for WindowsStandalone target not found
Refreshing native plugins compatible for Editor in 0.47 ms, found 0 plugins.
Preloading 0 native plugins for Editor in 0.00 ms.
Mono: successfully reloaded assembly
- Completed reload, in  0.756 seconds
Platform modules already initialized, skipping
Shader 'Universal Render Pipeline/Particles/Lit': fallback shader 'Universal Render Pipeline/Particles/SimpleLit' not found
Shader 'Universal Render Pipeline/Particles/Lit': fallback shader 'Universal Render Pipeline/Particles/SimpleLit' not found
Refreshing native plugins compatible for Editor in 0.46 ms, found 0 plugins.
Preloading 0 native plugins for Editor in 0.00 ms.
Unloading 2646 Unused Serialized files (Serialized files now loaded: 0)
System memory in use before: 127.9 MB.
System memory in use after: 125.2 MB.

Unloading 40 unused Assets to reduce memory usage. Loaded Objects now: 3267.
Total: 3.612200 ms (FindLiveObjects: 0.328100 ms CreateObjectMapping: 0.076200 ms MarkObjects: 1.814600 ms  DeleteObjects: 1.392500 ms)

========================================================================
Received Prepare
Registering precompiled user dll's ...
Registered in 0.001097 seconds.
Begin MonoManager ReloadAssembly
Native extension for WindowsStandalone target not found
Refreshing native plugins compatible for Editor in 0.46 ms, found 0 plugins.
Preloading 0 native plugins for Editor in 0.00 ms.
Mono: successfully reloaded assembly
- Completed reload, in  0.741 seconds
Platform modules already initialized, skipping
Shader 'Universal Render Pipeline/Particles/Lit': fallback shader 'Universal Render Pipeline/Particles/SimpleLit' not found
Shader 'Universal Render Pipeline/Particles/Lit': fallback shader 'Universal Render Pipeline/Particles/SimpleLit' not found
Refreshing native plugins compatible for Editor in 0.50 ms, found 0 plugins.
Preloading 0 native plugins for Editor in 0.00 ms.
Unloading 2646 Unused Serialized files (Serialized files now loaded: 0)
System memory in use before: 127.9 MB.
System memory in use after: 125.2 MB.

Unloading 40 unused Assets to reduce memory usage. Loaded Objects now: 3270.
Total: 3.554200 ms (FindLiveObjects: 0.272400 ms CreateObjectMapping: 0.079400 ms MarkObjects: 1.781500 ms  DeleteObjects: 1.419900 ms)

========================================================================
Received Prepare
Registering precompiled user dll's ...
Registered in 0.001194 seconds.
Begin MonoManager ReloadAssembly
Native extension for WindowsStandalone target not found
Refreshing native plugins compatible for Editor in 0.44 ms, found 0 plugins.
Preloading 0 native plugins for Editor in 0.00 ms.
Mono: successfully reloaded assembly
- Completed reload, in  0.748 seconds
Platform modules already initialized, skipping
Shader 'Universal Render Pipeline/Particles/Lit': fallback shader 'Universal Render Pipeline/Particles/SimpleLit' not found
Shader 'Universal Render Pipeline/Particles/Lit': fallback shader 'Universal Render Pipeline/Particles/SimpleLit' not found
Refreshing native plugins compatible for Editor in 0.47 ms, found 0 plugins.
Preloading 0 native plugins for Editor in 0.00 ms.
Unloading 2646 Unused Serialized files (Serialized files now loaded: 0)
System memory in use before: 127.9 MB.
System memory in use after: 125.2 MB.

Unloading 40 unused Assets to reduce memory usage. Loaded Objects now: 3273.
Total: 3.657900 ms (FindLiveObjects: 0.398000 ms CreateObjectMapping: 0.072900 ms MarkObjects: 1.797800 ms  DeleteObjects: 1.387900 ms)

========================================================================
Received Prepare
Registering precompiled user dll's ...
Registered in 0.001135 seconds.
Begin MonoManager ReloadAssembly
Native extension for WindowsStandalone target not found
Refreshing native plugins compatible for Editor in 0.47 ms, found 0 plugins.
Preloading 0 native plugins for Editor in 0.00 ms.
Mono: successfully reloaded assembly
- Completed reload, in  0.735 seconds
Platform modules already initialized, skipping
Shader 'Universal Render Pipeline/Particles/Lit': fallback shader 'Universal Render Pipeline/Particles/SimpleLit' not found
Shader 'Universal Render Pipeline/Particles/Lit': fallback shader 'Universal Render Pipeline/Particles/SimpleLit' not found
Refreshing native plugins compatible for Editor in 0.50 ms, found 0 plugins.
Preloading 0 native plugins for Editor in 0.00 ms.
Unloading 2646 Unused Serialized files (Serialized files now loaded: 0)
System memory in use before: 128.0 MB.
System memory in use after: 125.2 MB.

Unloading 40 unused Assets to reduce memory usage. Loaded Objects now: 3276.
Total: 3.523300 ms (FindLiveObjects: 0.326400 ms CreateObjectMapping: 0.070300 ms MarkObjects: 1.720000 ms  DeleteObjects: 1.405700 ms)

========================================================================
Received Prepare
Registering precompiled user dll's ...
Registered in 0.001282 seconds.
Begin MonoManager ReloadAssembly
Native extension for WindowsStandalone target not found
Refreshing native plugins compatible for Editor in 0.55 ms, found 0 plugins.
Preloading 0 native plugins for Editor in 0.00 ms.
Mono: successfully reloaded assembly
- Completed reload, in  0.834 seconds
Platform modules already initialized, skipping
Shader 'Universal Render Pipeline/Particles/Lit': fallback shader 'Universal Render Pipeline/Particles/SimpleLit' not found
Shader 'Universal Render Pipeline/Particles/Lit': fallback shader 'Universal Render Pipeline/Particles/SimpleLit' not found
Refreshing native plugins compatible for Editor in 0.47 ms, found 0 plugins.
Preloading 0 native plugins for Editor in 0.00 ms.
Unloading 2646 Unused Serialized files (Serialized files now loaded: 0)
System memory in use before: 128.0 MB.
System memory in use after: 125.2 MB.

Unloading 40 unused Assets to reduce memory usage. Loaded Objects now: 3279.
Total: 4.157100 ms (FindLiveObjects: 0.313800 ms CreateObjectMapping: 0.068500 ms MarkObjects: 2.224100 ms  DeleteObjects: 1.549700 ms)

AssetImportWorkerClient::OnTransportError - code=2 error=End of file
