Using pre-set license
Built from '2020.3/staging' branch; Version is '2020.3.6f1 (338bb68529b2) revision 3378102'; Using compiler version '192528614'; Build Type 'Release'
OS: 'Windows 10 Enterprise; OS build 19042.928; Version 2009; 64bit' Language: 'en' Physical Memory: 16301 MB
BatchMode: 1, IsHumanControllingUs: 0, StartBugReporterOnCrash: 0, Is64bit: 1, IsPro: 0

 COMMAND LINE ARGUMENTS:
C:\Program Files\Unity\Hub\Editor\2020.3.6f1\Editor\Unity.exe
-adb2
-batchMode
-noUpm
-name
AssetImportWorker0
-projectPath
C:/Unity/Rollaball
-logFile
Logs/AssetImportWorker0.log
-srvPort
64670
Successfully changed project path to: C:/Unity/Rollaball
C:/Unity/Rollaball
Using Asset Import Pipeline V2.
Refreshing native plugins compatible for Editor in 194.64 ms, found 0 plugins.
Preloading 0 native plugins for Editor in 0.00 ms.
Initialize engine version: 2020.3.6f1 (338bb68529b2)
[Subsystems] Discovering subsystems at path C:/Program Files/Unity/Hub/Editor/2020.3.6f1/Editor/Data/Resources/UnitySubsystems
[Subsystems] Discovering subsystems at path C:/Unity/Rollaball/Assets
GfxDevice: creating device client; threaded=0
Direct3D:
    Version:  Direct3D 11.0 [level 11.1]
    Renderer: Intel(R) UHD Graphics 620 (ID=0x5917)
    Vendor:   
    VRAM:     8150 MB
    Driver:   27.20.100.8681
Initialize mono
Mono path[0] = 'C:/Program Files/Unity/Hub/Editor/2020.3.6f1/Editor/Data/Managed'
Mono path[1] = 'C:/Program Files/Unity/Hub/Editor/2020.3.6f1/Editor/Data/MonoBleedingEdge/lib/mono/unityjit'
Mono config path = 'C:/Program Files/Unity/Hub/Editor/2020.3.6f1/Editor/Data/MonoBleedingEdge/etc'
Using monoOptions --debugger-agent=transport=dt_socket,embedding=1,server=y,suspend=n,address=127.0.0.1:56348
Begin MonoManager ReloadAssembly
Registering precompiled unity dll's ...
Register platform support module: C:/Program Files/Unity/Hub/Editor/2020.3.6f1/Editor/Data/PlaybackEngines/WebGLSupport/UnityEditor.WebGL.Extensions.dll
Register platform support module: C:/Program Files/Unity/Hub/Editor/2020.3.6f1/Editor/Data/PlaybackEngines/WindowsStandaloneSupport/UnityEditor.WindowsStandalone.Extensions.dll
Registered in 0.012311 seconds.
Native extension for WindowsStandalone target not found
Native extension for WebGL target not found
Refreshing native plugins compatible for Editor in 231.76 ms, found 0 plugins.
Preloading 0 native plugins for Editor in 0.00 ms.
Mono: successfully reloaded assembly
- Completed reload, in  4.484 seconds
Platform modules already initialized, skipping
Registering precompiled user dll's ...
Registered in 0.007697 seconds.
Begin MonoManager ReloadAssembly
Native extension for WindowsStandalone target not found
Native extension for WebGL target not found
Refreshing native plugins compatible for Editor in 132.80 ms, found 0 plugins.
Preloading 0 native plugins for Editor in 0.00 ms.
Mono: successfully reloaded assembly
- Completed reload, in  3.239 seconds
Platform modules already initialized, skipping
========================================================================
Worker process is ready to serve import requests
Shader 'Universal Render Pipeline/Particles/Lit': fallback shader 'Universal Render Pipeline/Particles/SimpleLit' not found
Shader 'Universal Render Pipeline/Particles/Lit': fallback shader 'Universal Render Pipeline/Particles/SimpleLit' not found
Launched and connected shader compiler UnityShaderCompiler.exe after 0.23 seconds
Refreshing native plugins compatible for Editor in 1.69 ms, found 0 plugins.
Preloading 0 native plugins for Editor in 0.00 ms.
Unloading 2719 Unused Serialized files (Serialized files now loaded: 0)
System memory in use before: 124.8 MB.
System memory in use after: 122.0 MB.

Unloading 47 unused Assets to reduce memory usage. Loaded Objects now: 3129.
Total: 9.693400 ms (FindLiveObjects: 0.979100 ms CreateObjectMapping: 0.535300 ms MarkObjects: 5.041200 ms  DeleteObjects: 3.134400 ms)

========================================================================
Received Import Request.
  path: Assets/Template/Scenes
  artifactKey: Guid(296961f70a536ba449e64837e1887028) Importer(815301076,1909f56bfc062723c751e8b465ee728b)
Start importing Assets/Template/Scenes using Guid(296961f70a536ba449e64837e1887028) Importer(815301076,1909f56bfc062723c751e8b465ee728b)  -> (artifact id: '7a55d739676f560bd55838932edc85a7') in 0.029150 seconds
  Import took 0.041090 seconds .

========================================================================
Received Import Request.
  Time since last request: 400.815468 seconds.
  path: Assets/Materials/Walls.mat
  artifactKey: Guid(caee639e5a628d2449a71c88e970b8cc) Importer(815301076,1909f56bfc062723c751e8b465ee728b)
Start importing Assets/Materials/Walls.mat using Guid(caee639e5a628d2449a71c88e970b8cc) Importer(815301076,1909f56bfc062723c751e8b465ee728b)  -> (artifact id: '56ce20ebe473c0e1487b34cd16cae9df') in 1.135188 seconds
  Import took 1.150591 seconds .

========================================================================
Received Import Request.
  Time since last request: 32.166139 seconds.
  path: Assets/Materials/Walls.mat
  artifactKey: Guid(caee639e5a628d2449a71c88e970b8cc) Importer(815301076,1909f56bfc062723c751e8b465ee728b)
Start importing Assets/Materials/Walls.mat using Guid(caee639e5a628d2449a71c88e970b8cc) Importer(815301076,1909f56bfc062723c751e8b465ee728b)  -> (artifact id: '203319a6df9547ae2d54a5ed0d37a381') in 0.037628 seconds
  Import took 0.051646 seconds .

========================================================================
Received Import Request.
  Time since last request: 38.177406 seconds.
  path: Assets/Materials/Walls.mat
  artifactKey: Guid(caee639e5a628d2449a71c88e970b8cc) Importer(815301076,1909f56bfc062723c751e8b465ee728b)
Start importing Assets/Materials/Walls.mat using Guid(caee639e5a628d2449a71c88e970b8cc) Importer(815301076,1909f56bfc062723c751e8b465ee728b)  -> (artifact id: '797b89127385f5e44876bce3ba79b0d1') in 0.040096 seconds
  Import took 0.055404 seconds .

========================================================================
Received Prepare
Registering precompiled user dll's ...
Registered in 0.006282 seconds.
Begin MonoManager ReloadAssembly
Native extension for WindowsStandalone target not found
Native extension for WebGL target not found
Refreshing native plugins compatible for Editor in 1.57 ms, found 0 plugins.
Preloading 0 native plugins for Editor in 0.00 ms.
Mono: successfully reloaded assembly
- Completed reload, in  5.273 seconds
Platform modules already initialized, skipping
Shader 'Universal Render Pipeline/Particles/Lit': fallback shader 'Universal Render Pipeline/Particles/SimpleLit' not found
Shader 'Universal Render Pipeline/Particles/Lit': fallback shader 'Universal Render Pipeline/Particles/SimpleLit' not found
Refreshing native plugins compatible for Editor in 1.54 ms, found 0 plugins.
Preloading 0 native plugins for Editor in 0.00 ms.
Unloading 2644 Unused Serialized files (Serialized files now loaded: 0)
System memory in use before: 126.8 MB.
System memory in use after: 124.0 MB.

Unloading 40 unused Assets to reduce memory usage. Loaded Objects now: 3210.
Total: 20.980000 ms (FindLiveObjects: 1.316600 ms CreateObjectMapping: 0.711900 ms MarkObjects: 11.528800 ms  DeleteObjects: 7.416400 ms)

========================================================================
Received Import Request.
  Time since last request: 587.553537 seconds.
  path: Assets/Materials/Pickup.mat
  artifactKey: Guid(3ea6828f1b9948343be0cad433e8b757) Importer(815301076,1909f56bfc062723c751e8b465ee728b)
Start importing Assets/Materials/Pickup.mat using Guid(3ea6828f1b9948343be0cad433e8b757) Importer(815301076,1909f56bfc062723c751e8b465ee728b)  -> (artifact id: 'e11ede4e0487d8af120791356d3d17e3') in 0.975956 seconds
  Import took 0.987356 seconds .

========================================================================
Received Import Request.
  Time since last request: 131.890306 seconds.
  path: Assets/Materials/Pickup.mat
  artifactKey: Guid(3ea6828f1b9948343be0cad433e8b757) Importer(815301076,1909f56bfc062723c751e8b465ee728b)
Start importing Assets/Materials/Pickup.mat using Guid(3ea6828f1b9948343be0cad433e8b757) Importer(815301076,1909f56bfc062723c751e8b465ee728b)  -> (artifact id: '0bd546a09e5d131b5bb4303488b773ee') in 0.094297 seconds
  Import took 0.123364 seconds .

========================================================================
Received Import Request.
  Time since last request: 81.886548 seconds.
  path: Assets/Input/InputActions.inputactions
  artifactKey: Guid(e4482d240a35e6f4fb9158720e399a07) Importer(815301076,1909f56bfc062723c751e8b465ee728b)
Start importing Assets/Input/InputActions.inputactions using Guid(e4482d240a35e6f4fb9158720e399a07) Importer(815301076,1909f56bfc062723c751e8b465ee728b)  -> (artifact id: '28556fc9898f3712ae9593bc76b7ccc2') in 0.100103 seconds
  Import took 0.115446 seconds .

========================================================================
Received Import Request.
  Time since last request: 6.611562 seconds.
  path: Assets/Scripts/Rotator.cs
  artifactKey: Guid(60eb2cf0e070a82489fc27145d021e8e) Importer(815301076,1909f56bfc062723c751e8b465ee728b)
Start importing Assets/Scripts/Rotator.cs using Guid(60eb2cf0e070a82489fc27145d021e8e) Importer(815301076,1909f56bfc062723c751e8b465ee728b)  -> (artifact id: 'fe5d5e4c8e7b9da6e60ffb91590ccbfb') in 0.048615 seconds
  Import took 0.064161 seconds .

========================================================================
Received Prepare
Registering precompiled user dll's ...
Registered in 0.002350 seconds.
Begin MonoManager ReloadAssembly
Native extension for WindowsStandalone target not found
Native extension for WebGL target not found
Refreshing native plugins compatible for Editor in 1.03 ms, found 0 plugins.
Preloading 0 native plugins for Editor in 0.00 ms.
Mono: successfully reloaded assembly
- Completed reload, in  3.136 seconds
Platform modules already initialized, skipping
Shader 'Universal Render Pipeline/Particles/Lit': fallback shader 'Universal Render Pipeline/Particles/SimpleLit' not found
Shader 'Universal Render Pipeline/Particles/Lit': fallback shader 'Universal Render Pipeline/Particles/SimpleLit' not found
Refreshing native plugins compatible for Editor in 1.11 ms, found 0 plugins.
Preloading 0 native plugins for Editor in 0.00 ms.
Unloading 2645 Unused Serialized files (Serialized files now loaded: 0)
System memory in use before: 126.9 MB.
System memory in use after: 124.2 MB.

Unloading 40 unused Assets to reduce memory usage. Loaded Objects now: 3250.
Total: 7.466200 ms (FindLiveObjects: 0.556600 ms CreateObjectMapping: 0.259200 ms MarkObjects: 3.879700 ms  DeleteObjects: 2.768400 ms)

========================================================================
Received Prepare
Registering precompiled user dll's ...
Registered in 0.002556 seconds.
Begin MonoManager ReloadAssembly
Native extension for WindowsStandalone target not found
Native extension for WebGL target not found
Refreshing native plugins compatible for Editor in 0.91 ms, found 0 plugins.
Preloading 0 native plugins for Editor in 0.00 ms.
Mono: successfully reloaded assembly
- Completed reload, in  2.744 seconds
Platform modules already initialized, skipping
Shader 'Universal Render Pipeline/Particles/Lit': fallback shader 'Universal Render Pipeline/Particles/SimpleLit' not found
Shader 'Universal Render Pipeline/Particles/Lit': fallback shader 'Universal Render Pipeline/Particles/SimpleLit' not found
Refreshing native plugins compatible for Editor in 1.19 ms, found 0 plugins.
Preloading 0 native plugins for Editor in 0.00 ms.
Unloading 2645 Unused Serialized files (Serialized files now loaded: 0)
System memory in use before: 127.0 MB.
System memory in use after: 124.3 MB.

Unloading 40 unused Assets to reduce memory usage. Loaded Objects now: 3253.
Total: 13.970400 ms (FindLiveObjects: 0.764400 ms CreateObjectMapping: 0.449200 ms MarkObjects: 7.795400 ms  DeleteObjects: 4.956900 ms)

========================================================================
Received Import Request.
  Time since last request: 156.225170 seconds.
  path: Assets/Scripts/Rotator.cs
  artifactKey: Guid(60eb2cf0e070a82489fc27145d021e8e) Importer(815301076,1909f56bfc062723c751e8b465ee728b)
Start importing Assets/Scripts/Rotator.cs using Guid(60eb2cf0e070a82489fc27145d021e8e) Importer(815301076,1909f56bfc062723c751e8b465ee728b)  -> (artifact id: 'd7c74d42a6450eb7457ee25d0fc47e1a') in 0.039367 seconds
  Import took 0.055777 seconds .

========================================================================
Received Import Request.
  Time since last request: 2869.973057 seconds.
  path: Assets/Scripts/DebugVariable.cs
  artifactKey: Guid(ff48ab365c7627849b154a1bfdca631a) Importer(815301076,1909f56bfc062723c751e8b465ee728b)
Start importing Assets/Scripts/DebugVariable.cs using Guid(ff48ab365c7627849b154a1bfdca631a) Importer(815301076,1909f56bfc062723c751e8b465ee728b)  -> (artifact id: 'caab38e48eb8d6ca18591d0426e8fb05') in 0.037312 seconds
  Import took 0.269126 seconds .

========================================================================
Received Prepare
Registering precompiled user dll's ...
Registered in 0.006295 seconds.
Begin MonoManager ReloadAssembly
Native extension for WindowsStandalone target not found
Native extension for WebGL target not found
Refreshing native plugins compatible for Editor in 2.56 ms, found 0 plugins.
Preloading 0 native plugins for Editor in 0.00 ms.
Mono: successfully reloaded assembly
- Completed reload, in  6.276 seconds
Platform modules already initialized, skipping
Shader 'Universal Render Pipeline/Particles/Lit': fallback shader 'Universal Render Pipeline/Particles/SimpleLit' not found
Shader 'Universal Render Pipeline/Particles/Lit': fallback shader 'Universal Render Pipeline/Particles/SimpleLit' not found
Refreshing native plugins compatible for Editor in 1.09 ms, found 0 plugins.
Preloading 0 native plugins for Editor in 0.00 ms.
Unloading 2646 Unused Serialized files (Serialized files now loaded: 0)
System memory in use before: 127.0 MB.
System memory in use after: 124.3 MB.

Unloading 40 unused Assets to reduce memory usage. Loaded Objects now: 3257.
Total: 9.561400 ms (FindLiveObjects: 0.620500 ms CreateObjectMapping: 0.324300 ms MarkObjects: 5.012500 ms  DeleteObjects: 3.594800 ms)

========================================================================
Received Import Request.
  Time since last request: 128.323981 seconds.
  path: Assets/Scripts/PlayerController.cs
  artifactKey: Guid(11c6a28e189153149ad9f1156151900a) Importer(815301076,1909f56bfc062723c751e8b465ee728b)
Start importing Assets/Scripts/PlayerController.cs using Guid(11c6a28e189153149ad9f1156151900a) Importer(815301076,1909f56bfc062723c751e8b465ee728b)  -> (artifact id: '1e4d43d4110940b5a85ba9221ee7e2c2') in 0.059657 seconds
  Import took 0.082038 seconds .

========================================================================
Received Import Request.
  Time since last request: 246.358215 seconds.
  path: Assets/Scripts/PlayerController.cs
  artifactKey: Guid(11c6a28e189153149ad9f1156151900a) Importer(815301076,1909f56bfc062723c751e8b465ee728b)
Start importing Assets/Scripts/PlayerController.cs using Guid(11c6a28e189153149ad9f1156151900a) Importer(815301076,1909f56bfc062723c751e8b465ee728b)  -> (artifact id: '8d9bcf8efb9c472b4add8ab737717e07') in 0.046154 seconds
  Import took 0.085511 seconds .

========================================================================
Received Import Request.
  Time since last request: 462.017271 seconds.
  path: Assets/Scripts/DebugVariable.cs
  artifactKey: Guid(ff48ab365c7627849b154a1bfdca631a) Importer(815301076,1909f56bfc062723c751e8b465ee728b)
Start importing Assets/Scripts/DebugVariable.cs using Guid(ff48ab365c7627849b154a1bfdca631a) Importer(815301076,1909f56bfc062723c751e8b465ee728b)  -> (artifact id: '416365c06e07b5ed2a693eeb29a38e62') in 0.018123 seconds
  Import took 0.033793 seconds .

========================================================================
Received Prepare
Registering precompiled user dll's ...
Registered in 0.005471 seconds.
Begin MonoManager ReloadAssembly
Native extension for WindowsStandalone target not found
Native extension for WebGL target not found
Refreshing native plugins compatible for Editor in 1.22 ms, found 0 plugins.
Preloading 0 native plugins for Editor in 0.00 ms.
Mono: successfully reloaded assembly
- Completed reload, in  4.296 seconds
Platform modules already initialized, skipping
Shader 'Universal Render Pipeline/Particles/Lit': fallback shader 'Universal Render Pipeline/Particles/SimpleLit' not found
Shader 'Universal Render Pipeline/Particles/Lit': fallback shader 'Universal Render Pipeline/Particles/SimpleLit' not found
Refreshing native plugins compatible for Editor in 1.18 ms, found 0 plugins.
Preloading 0 native plugins for Editor in 0.00 ms.
Unloading 2645 Unused Serialized files (Serialized files now loaded: 0)
System memory in use before: 127.1 MB.
System memory in use after: 124.3 MB.

Unloading 41 unused Assets to reduce memory usage. Loaded Objects now: 3259.
Total: 8.460200 ms (FindLiveObjects: 0.403400 ms CreateObjectMapping: 0.231400 ms MarkObjects: 4.420800 ms  DeleteObjects: 3.402100 ms)

========================================================================
Received Prepare
Registering precompiled user dll's ...
Registered in 0.003144 seconds.
Begin MonoManager ReloadAssembly
Native extension for WindowsStandalone target not found
Native extension for WebGL target not found
Refreshing native plugins compatible for Editor in 0.61 ms, found 0 plugins.
Preloading 0 native plugins for Editor in 0.00 ms.
Mono: successfully reloaded assembly
- Completed reload, in  1.341 seconds
Platform modules already initialized, skipping
Shader 'Universal Render Pipeline/Particles/Lit': fallback shader 'Universal Render Pipeline/Particles/SimpleLit' not found
Shader 'Universal Render Pipeline/Particles/Lit': fallback shader 'Universal Render Pipeline/Particles/SimpleLit' not found
Refreshing native plugins compatible for Editor in 0.65 ms, found 0 plugins.
Preloading 0 native plugins for Editor in 0.00 ms.
Unloading 2645 Unused Serialized files (Serialized files now loaded: 0)
System memory in use before: 127.1 MB.
System memory in use after: 124.3 MB.

Unloading 40 unused Assets to reduce memory usage. Loaded Objects now: 3262.
Total: 5.795000 ms (FindLiveObjects: 0.452300 ms CreateObjectMapping: 0.222200 ms MarkObjects: 2.881900 ms  DeleteObjects: 2.236400 ms)

========================================================================
Received Import Request.
  Time since last request: 7779.522008 seconds.
  path: Assets/Scripts/Rotator.cs
  artifactKey: Guid(60eb2cf0e070a82489fc27145d021e8e) Importer(815301076,1909f56bfc062723c751e8b465ee728b)
Start importing Assets/Scripts/Rotator.cs using Guid(60eb2cf0e070a82489fc27145d021e8e) Importer(815301076,1909f56bfc062723c751e8b465ee728b)  -> (artifact id: '5e50ecc086f7abeda26bb0e77c1875cd') in 0.013719 seconds
  Import took 0.020294 seconds .

========================================================================
Received Import Request.
  Time since last request: 2.270916 seconds.
  path: Assets/Scripts/Rotator.cs
  artifactKey: Guid(60eb2cf0e070a82489fc27145d021e8e) Importer(815301076,1909f56bfc062723c751e8b465ee728b)
Start importing Assets/Scripts/Rotator.cs using Guid(60eb2cf0e070a82489fc27145d021e8e) Importer(815301076,1909f56bfc062723c751e8b465ee728b)  -> (artifact id: '5e50ecc086f7abeda26bb0e77c1875cd') in 0.004793 seconds
  Import took 0.011493 seconds .

========================================================================
Received Prepare
Registering precompiled user dll's ...
Registered in 0.002394 seconds.
Begin MonoManager ReloadAssembly
Native extension for WindowsStandalone target not found
Native extension for WebGL target not found
Refreshing native plugins compatible for Editor in 0.60 ms, found 0 plugins.
Preloading 0 native plugins for Editor in 0.00 ms.
Mono: successfully reloaded assembly
- Completed reload, in  1.303 seconds
Platform modules already initialized, skipping
Shader 'Universal Render Pipeline/Particles/Lit': fallback shader 'Universal Render Pipeline/Particles/SimpleLit' not found
Shader 'Universal Render Pipeline/Particles/Lit': fallback shader 'Universal Render Pipeline/Particles/SimpleLit' not found
Refreshing native plugins compatible for Editor in 0.70 ms, found 0 plugins.
Preloading 0 native plugins for Editor in 0.00 ms.
Unloading 2645 Unused Serialized files (Serialized files now loaded: 0)
System memory in use before: 127.1 MB.
System memory in use after: 124.3 MB.

Unloading 40 unused Assets to reduce memory usage. Loaded Objects now: 3265.
Total: 6.266700 ms (FindLiveObjects: 0.428700 ms CreateObjectMapping: 0.208200 ms MarkObjects: 3.225600 ms  DeleteObjects: 2.402400 ms)

========================================================================
Received Prepare
Registering precompiled user dll's ...
Registered in 0.002521 seconds.
Begin MonoManager ReloadAssembly
Native extension for WindowsStandalone target not found
Native extension for WebGL target not found
Refreshing native plugins compatible for Editor in 0.60 ms, found 0 plugins.
Preloading 0 native plugins for Editor in 0.00 ms.
Mono: successfully reloaded assembly
- Completed reload, in  1.334 seconds
Platform modules already initialized, skipping
Shader 'Universal Render Pipeline/Particles/Lit': fallback shader 'Universal Render Pipeline/Particles/SimpleLit' not found
Shader 'Universal Render Pipeline/Particles/Lit': fallback shader 'Universal Render Pipeline/Particles/SimpleLit' not found
Refreshing native plugins compatible for Editor in 0.64 ms, found 0 plugins.
Preloading 0 native plugins for Editor in 0.00 ms.
Unloading 2645 Unused Serialized files (Serialized files now loaded: 0)
System memory in use before: 127.1 MB.
System memory in use after: 124.3 MB.

Unloading 40 unused Assets to reduce memory usage. Loaded Objects now: 3268.
Total: 6.184200 ms (FindLiveObjects: 0.497700 ms CreateObjectMapping: 0.240000 ms MarkObjects: 3.124400 ms  DeleteObjects: 2.320400 ms)

========================================================================
Received Prepare
Registering precompiled user dll's ...
Registered in 0.002484 seconds.
Begin MonoManager ReloadAssembly
Native extension for WindowsStandalone target not found
Native extension for WebGL target not found
Refreshing native plugins compatible for Editor in 0.63 ms, found 0 plugins.
Preloading 0 native plugins for Editor in 0.00 ms.
Mono: successfully reloaded assembly
- Completed reload, in  1.321 seconds
Platform modules already initialized, skipping
Shader 'Universal Render Pipeline/Particles/Lit': fallback shader 'Universal Render Pipeline/Particles/SimpleLit' not found
Shader 'Universal Render Pipeline/Particles/Lit': fallback shader 'Universal Render Pipeline/Particles/SimpleLit' not found
Refreshing native plugins compatible for Editor in 0.68 ms, found 0 plugins.
Preloading 0 native plugins for Editor in 0.00 ms.
Unloading 2645 Unused Serialized files (Serialized files now loaded: 0)
System memory in use before: 127.1 MB.
System memory in use after: 124.3 MB.

Unloading 40 unused Assets to reduce memory usage. Loaded Objects now: 3271.
Total: 6.376400 ms (FindLiveObjects: 0.561300 ms CreateObjectMapping: 0.231400 ms MarkObjects: 3.216200 ms  DeleteObjects: 2.365200 ms)

========================================================================
Received Import Request.
  Time since last request: 251.403080 seconds.
  path: Assets
  artifactKey: Guid(00000000000000001000000000000000) Importer(815301076,1909f56bfc062723c751e8b465ee728b)
Start importing Assets using Guid(00000000000000001000000000000000) Importer(815301076,1909f56bfc062723c751e8b465ee728b)  -> (artifact id: '2c602d4445bd9e0e517b9a7c882a2249') in 0.022503 seconds
  Import took 0.029581 seconds .

========================================================================
Received Import Request.
  Time since last request: 9.321298 seconds.
  path: Assets/Prefabs
  artifactKey: Guid(cb266fbee7b3c1b439a8844b38c1164e) Importer(815301076,1909f56bfc062723c751e8b465ee728b)
Start importing Assets/Prefabs using Guid(cb266fbee7b3c1b439a8844b38c1164e) Importer(815301076,1909f56bfc062723c751e8b465ee728b)  -> (artifact id: '550a07f44c18a471d85c9afd33702ade') in 0.021434 seconds
  Import took 0.029040 seconds .

========================================================================
Received Import Request.
  Time since last request: 31.344491 seconds.
  path: Assets/Prefabs/PickUp.prefab
  artifactKey: Guid(7ab0368fd020bb74b8e4122c2a04dc02) Importer(815301076,1909f56bfc062723c751e8b465ee728b)
Start importing Assets/Prefabs/PickUp.prefab using Guid(7ab0368fd020bb74b8e4122c2a04dc02) Importer(815301076,1909f56bfc062723c751e8b465ee728b)  -> (artifact id: '9e181ee75bdab328c1fc2a233c11012b') in 0.300874 seconds
  Import took 0.307874 seconds .

========================================================================
Received Prepare
Registering precompiled user dll's ...
Registered in 0.002686 seconds.
Begin MonoManager ReloadAssembly
Native extension for WindowsStandalone target not found
Native extension for WebGL target not found
Refreshing native plugins compatible for Editor in 0.67 ms, found 0 plugins.
Preloading 0 native plugins for Editor in 0.00 ms.
Mono: successfully reloaded assembly
- Completed reload, in  1.448 seconds
Platform modules already initialized, skipping
Shader 'Universal Render Pipeline/Particles/Lit': fallback shader 'Universal Render Pipeline/Particles/SimpleLit' not found
Shader 'Universal Render Pipeline/Particles/Lit': fallback shader 'Universal Render Pipeline/Particles/SimpleLit' not found
Refreshing native plugins compatible for Editor in 0.71 ms, found 0 plugins.
Preloading 0 native plugins for Editor in 0.00 ms.
Unloading 2645 Unused Serialized files (Serialized files now loaded: 0)
System memory in use before: 127.3 MB.
System memory in use after: 124.6 MB.

Unloading 40 unused Assets to reduce memory usage. Loaded Objects now: 3311.
Total: 6.352100 ms (FindLiveObjects: 0.456000 ms CreateObjectMapping: 0.217800 ms MarkObjects: 3.322200 ms  DeleteObjects: 2.354100 ms)

========================================================================
Received Import Request.
  Time since last request: 1347.890228 seconds.
  path: ProjectSettings/TagManager.asset
  artifactKey: Guid(00000000000000003000000000000000) Importer(815301076,1909f56bfc062723c751e8b465ee728b)
Start importing ProjectSettings/TagManager.asset using Guid(00000000000000003000000000000000) Importer(815301076,1909f56bfc062723c751e8b465ee728b)  -> (artifact id: '2d3bb889014c45a1c21d1c0c6791105b') in 0.029144 seconds
  Import took 0.035226 seconds .

========================================================================
Received Import Request.
  Time since last request: 0.000445 seconds.
  path: Assets/Scripts/PlayerController.cs
  artifactKey: Guid(11c6a28e189153149ad9f1156151900a) Importer(815301076,1909f56bfc062723c751e8b465ee728b)
Start importing Assets/Scripts/PlayerController.cs using Guid(11c6a28e189153149ad9f1156151900a) Importer(815301076,1909f56bfc062723c751e8b465ee728b)  -> (artifact id: '62a80503fe8178c2772a2c49beab35bb') in 0.012706 seconds
  Import took 0.019593 seconds .

========================================================================
Received Import Request.
  Time since last request: 29.811391 seconds.
  path: ProjectSettings/TagManager.asset
  artifactKey: Guid(00000000000000003000000000000000) Importer(815301076,1909f56bfc062723c751e8b465ee728b)
Start importing ProjectSettings/TagManager.asset using Guid(00000000000000003000000000000000) Importer(815301076,1909f56bfc062723c751e8b465ee728b)  -> (artifact id: 'b029a2946e1b175b290cbde0d6e99e74') in 0.008649 seconds
  Import took 0.018786 seconds .

========================================================================
Received Prepare
Registering precompiled user dll's ...
Registered in 0.002332 seconds.
Begin MonoManager ReloadAssembly
Native extension for WindowsStandalone target not found
Native extension for WebGL target not found
Refreshing native plugins compatible for Editor in 0.69 ms, found 0 plugins.
Preloading 0 native plugins for Editor in 0.00 ms.
Mono: successfully reloaded assembly
- Completed reload, in  1.461 seconds
Platform modules already initialized, skipping
Shader 'Universal Render Pipeline/Particles/Lit': fallback shader 'Universal Render Pipeline/Particles/SimpleLit' not found
Shader 'Universal Render Pipeline/Particles/Lit': fallback shader 'Universal Render Pipeline/Particles/SimpleLit' not found
Refreshing native plugins compatible for Editor in 0.78 ms, found 0 plugins.
Preloading 0 native plugins for Editor in 0.00 ms.
Unloading 2645 Unused Serialized files (Serialized files now loaded: 0)
System memory in use before: 127.4 MB.
System memory in use after: 124.6 MB.

Unloading 42 unused Assets to reduce memory usage. Loaded Objects now: 3314.
Total: 6.207700 ms (FindLiveObjects: 0.491200 ms CreateObjectMapping: 0.255100 ms MarkObjects: 3.077100 ms  DeleteObjects: 2.382100 ms)

========================================================================
Received Prepare
Registering precompiled user dll's ...
Registered in 0.002413 seconds.
Begin MonoManager ReloadAssembly
Native extension for WindowsStandalone target not found
Native extension for WebGL target not found
Refreshing native plugins compatible for Editor in 0.61 ms, found 0 plugins.
Preloading 0 native plugins for Editor in 0.00 ms.
Mono: successfully reloaded assembly
- Completed reload, in  1.355 seconds
Platform modules already initialized, skipping
Shader 'Universal Render Pipeline/Particles/Lit': fallback shader 'Universal Render Pipeline/Particles/SimpleLit' not found
Shader 'Universal Render Pipeline/Particles/Lit': fallback shader 'Universal Render Pipeline/Particles/SimpleLit' not found
Refreshing native plugins compatible for Editor in 1.70 ms, found 0 plugins.
Preloading 0 native plugins for Editor in 0.00 ms.
Unloading 2645 Unused Serialized files (Serialized files now loaded: 0)
System memory in use before: 127.3 MB.
System memory in use after: 124.6 MB.

Unloading 40 unused Assets to reduce memory usage. Loaded Objects now: 3317.
Total: 6.487600 ms (FindLiveObjects: 0.510800 ms CreateObjectMapping: 0.257900 ms MarkObjects: 3.339300 ms  DeleteObjects: 2.377800 ms)

========================================================================
Received Import Request.
  Time since last request: 536.965622 seconds.
  path: Assets/Prefabs/PickUp.prefab
  artifactKey: Guid(7ab0368fd020bb74b8e4122c2a04dc02) Importer(815301076,1909f56bfc062723c751e8b465ee728b)
Start importing Assets/Prefabs/PickUp.prefab using Guid(7ab0368fd020bb74b8e4122c2a04dc02) Importer(815301076,1909f56bfc062723c751e8b465ee728b)  -> (artifact id: '64d6e75488dd92048f27dc3a7560f6e3') in 0.262140 seconds
  Import took 0.271311 seconds .

========================================================================
Received Import Request.
  Time since last request: 96.477033 seconds.
  path: Assets/Prefabs/PickUp.prefab
  artifactKey: Guid(7ab0368fd020bb74b8e4122c2a04dc02) Importer(815301076,1909f56bfc062723c751e8b465ee728b)
Start importing Assets/Prefabs/PickUp.prefab using Guid(7ab0368fd020bb74b8e4122c2a04dc02) Importer(815301076,1909f56bfc062723c751e8b465ee728b)  -> (artifact id: 'afce72020e2e8bf0d1bdc8594e44d825') in 0.054100 seconds
  Import took 0.063857 seconds .

========================================================================
Received Prepare
Registering precompiled user dll's ...
Registered in 0.002335 seconds.
Begin MonoManager ReloadAssembly
Native extension for WindowsStandalone target not found
Native extension for WebGL target not found
Refreshing native plugins compatible for Editor in 0.61 ms, found 0 plugins.
Preloading 0 native plugins for Editor in 0.00 ms.
Mono: successfully reloaded assembly
- Completed reload, in  1.413 seconds
Platform modules already initialized, skipping
Shader 'Universal Render Pipeline/Particles/Lit': fallback shader 'Universal Render Pipeline/Particles/SimpleLit' not found
Shader 'Universal Render Pipeline/Particles/Lit': fallback shader 'Universal Render Pipeline/Particles/SimpleLit' not found
Refreshing native plugins compatible for Editor in 0.77 ms, found 0 plugins.
Preloading 0 native plugins for Editor in 0.00 ms.
Unloading 2645 Unused Serialized files (Serialized files now loaded: 0)
System memory in use before: 127.4 MB.
System memory in use after: 124.7 MB.

Unloading 40 unused Assets to reduce memory usage. Loaded Objects now: 3356.
Total: 6.409600 ms (FindLiveObjects: 0.499300 ms CreateObjectMapping: 0.275600 ms MarkObjects: 3.423600 ms  DeleteObjects: 2.209500 ms)

========================================================================
Received Import Request.
  Time since last request: 155.876562 seconds.
  path: Assets/Prefabs/PickUp.prefab
  artifactKey: Guid(7ab0368fd020bb74b8e4122c2a04dc02) Importer(815301076,1909f56bfc062723c751e8b465ee728b)
Start importing Assets/Prefabs/PickUp.prefab using Guid(7ab0368fd020bb74b8e4122c2a04dc02) Importer(815301076,1909f56bfc062723c751e8b465ee728b)  -> (artifact id: '4dcfb35871b0d5b90ee14a9211803100') in 0.291787 seconds
  Import took 0.300248 seconds .

========================================================================
Received Prepare
Registering precompiled user dll's ...
Registered in 0.002506 seconds.
Begin MonoManager ReloadAssembly
Native extension for WindowsStandalone target not found
Native extension for WebGL target not found
Refreshing native plugins compatible for Editor in 0.63 ms, found 0 plugins.
Preloading 0 native plugins for Editor in 0.00 ms.
Mono: successfully reloaded assembly
- Completed reload, in  1.333 seconds
Platform modules already initialized, skipping
Shader 'Universal Render Pipeline/Particles/Lit': fallback shader 'Universal Render Pipeline/Particles/SimpleLit' not found
Shader 'Universal Render Pipeline/Particles/Lit': fallback shader 'Universal Render Pipeline/Particles/SimpleLit' not found
Refreshing native plugins compatible for Editor in 0.61 ms, found 0 plugins.
Preloading 0 native plugins for Editor in 0.00 ms.
Unloading 2645 Unused Serialized files (Serialized files now loaded: 0)
System memory in use before: 127.6 MB.
System memory in use after: 124.8 MB.

Unloading 40 unused Assets to reduce memory usage. Loaded Objects now: 3395.
Total: 6.558900 ms (FindLiveObjects: 0.493800 ms CreateObjectMapping: 0.208300 ms MarkObjects: 3.429900 ms  DeleteObjects: 2.425200 ms)

========================================================================
Received Import Request.
  Time since last request: 59.940325 seconds.
  path: Assets/Prefabs/PickUp.prefab
  artifactKey: Guid(7ab0368fd020bb74b8e4122c2a04dc02) Importer(815301076,1909f56bfc062723c751e8b465ee728b)
Start importing Assets/Prefabs/PickUp.prefab using Guid(7ab0368fd020bb74b8e4122c2a04dc02) Importer(815301076,1909f56bfc062723c751e8b465ee728b)  -> (artifact id: '374265505d32617feb6e46f1d3aaa0cb') in 0.318217 seconds
  Import took 0.330020 seconds .

========================================================================
Received Import Request.
  Time since last request: 1.415205 seconds.
  path: Assets/Prefabs/PickUp.prefab
  artifactKey: Guid(7ab0368fd020bb74b8e4122c2a04dc02) Importer(815301076,1909f56bfc062723c751e8b465ee728b)
Start importing Assets/Prefabs/PickUp.prefab using Guid(7ab0368fd020bb74b8e4122c2a04dc02) Importer(815301076,1909f56bfc062723c751e8b465ee728b)  -> (artifact id: 'aa25a6d5c4735578cd03c12b1785c2b8') in 0.021182 seconds
  Import took 0.028688 seconds .

========================================================================
Received Prepare
Registering precompiled user dll's ...
Registered in 0.002419 seconds.
Begin MonoManager ReloadAssembly
Native extension for WindowsStandalone target not found
Native extension for WebGL target not found
Refreshing native plugins compatible for Editor in 0.59 ms, found 0 plugins.
Preloading 0 native plugins for Editor in 0.00 ms.
Mono: successfully reloaded assembly
- Completed reload, in  1.428 seconds
Platform modules already initialized, skipping
Shader 'Universal Render Pipeline/Particles/Lit': fallback shader 'Universal Render Pipeline/Particles/SimpleLit' not found
Shader 'Universal Render Pipeline/Particles/Lit': fallback shader 'Universal Render Pipeline/Particles/SimpleLit' not found
Refreshing native plugins compatible for Editor in 0.66 ms, found 0 plugins.
Preloading 0 native plugins for Editor in 0.00 ms.
Unloading 2645 Unused Serialized files (Serialized files now loaded: 0)
System memory in use before: 127.8 MB.
System memory in use after: 125.0 MB.

Unloading 40 unused Assets to reduce memory usage. Loaded Objects now: 3434.
Total: 6.568700 ms (FindLiveObjects: 0.547300 ms CreateObjectMapping: 0.254300 ms MarkObjects: 3.383900 ms  DeleteObjects: 2.381300 ms)

========================================================================
Received Prepare
Registering precompiled user dll's ...
Registered in 0.003981 seconds.
Begin MonoManager ReloadAssembly
Native extension for WindowsStandalone target not found
Native extension for WebGL target not found
Refreshing native plugins compatible for Editor in 0.62 ms, found 0 plugins.
Preloading 0 native plugins for Editor in 0.00 ms.
Mono: successfully reloaded assembly
- Completed reload, in  1.434 seconds
Platform modules already initialized, skipping
Shader 'Universal Render Pipeline/Particles/Lit': fallback shader 'Universal Render Pipeline/Particles/SimpleLit' not found
Shader 'Universal Render Pipeline/Particles/Lit': fallback shader 'Universal Render Pipeline/Particles/SimpleLit' not found
Refreshing native plugins compatible for Editor in 0.69 ms, found 0 plugins.
Preloading 0 native plugins for Editor in 0.00 ms.
Unloading 2645 Unused Serialized files (Serialized files now loaded: 0)
System memory in use before: 127.8 MB.
System memory in use after: 125.0 MB.

Unloading 40 unused Assets to reduce memory usage. Loaded Objects now: 3437.
Total: 6.261100 ms (FindLiveObjects: 0.586400 ms CreateObjectMapping: 0.256000 ms MarkObjects: 3.225500 ms  DeleteObjects: 2.190700 ms)

========================================================================
Received Prepare
Registering precompiled user dll's ...
Registered in 0.002507 seconds.
Begin MonoManager ReloadAssembly
Native extension for WindowsStandalone target not found
Native extension for WebGL target not found
Refreshing native plugins compatible for Editor in 0.79 ms, found 0 plugins.
Preloading 0 native plugins for Editor in 0.00 ms.
Mono: successfully reloaded assembly
- Completed reload, in  1.586 seconds
Platform modules already initialized, skipping
Shader 'Universal Render Pipeline/Particles/Lit': fallback shader 'Universal Render Pipeline/Particles/SimpleLit' not found
Shader 'Universal Render Pipeline/Particles/Lit': fallback shader 'Universal Render Pipeline/Particles/SimpleLit' not found
Refreshing native plugins compatible for Editor in 0.71 ms, found 0 plugins.
Preloading 0 native plugins for Editor in 0.00 ms.
Unloading 2658 Unused Serialized files (Serialized files now loaded: 0)
System memory in use before: 129.7 MB.
System memory in use after: 126.3 MB.

Unloading 53 unused Assets to reduce memory usage. Loaded Objects now: 3440.
Total: 7.362500 ms (FindLiveObjects: 0.964100 ms CreateObjectMapping: 0.336500 ms MarkObjects: 3.384400 ms  DeleteObjects: 2.675200 ms)

========================================================================
Received Prepare
Registering precompiled user dll's ...
Registered in 0.002579 seconds.
Begin MonoManager ReloadAssembly
Native extension for WindowsStandalone target not found
Native extension for WebGL target not found
Refreshing native plugins compatible for Editor in 0.66 ms, found 0 plugins.
Preloading 0 native plugins for Editor in 0.00 ms.
Mono: successfully reloaded assembly
- Completed reload, in  1.363 seconds
Platform modules already initialized, skipping
Shader 'Universal Render Pipeline/Particles/Lit': fallback shader 'Universal Render Pipeline/Particles/SimpleLit' not found
Shader 'Universal Render Pipeline/Particles/Lit': fallback shader 'Universal Render Pipeline/Particles/SimpleLit' not found
Refreshing native plugins compatible for Editor in 0.63 ms, found 0 plugins.
Preloading 0 native plugins for Editor in 0.00 ms.
Unloading 2658 Unused Serialized files (Serialized files now loaded: 0)
System memory in use before: 129.7 MB.
System memory in use after: 126.3 MB.

Unloading 53 unused Assets to reduce memory usage. Loaded Objects now: 3443.
Total: 7.464600 ms (FindLiveObjects: 0.802500 ms CreateObjectMapping: 0.303600 ms MarkObjects: 3.630900 ms  DeleteObjects: 2.725900 ms)

========================================================================
Received Prepare
Registering precompiled user dll's ...
Registered in 0.002459 seconds.
Begin MonoManager ReloadAssembly
Native extension for WindowsStandalone target not found
Native extension for WebGL target not found
Refreshing native plugins compatible for Editor in 0.61 ms, found 0 plugins.
Preloading 0 native plugins for Editor in 0.00 ms.
Mono: successfully reloaded assembly
- Completed reload, in  1.318 seconds
Platform modules already initialized, skipping
Shader 'Universal Render Pipeline/Particles/Lit': fallback shader 'Universal Render Pipeline/Particles/SimpleLit' not found
Shader 'Universal Render Pipeline/Particles/Lit': fallback shader 'Universal Render Pipeline/Particles/SimpleLit' not found
Refreshing native plugins compatible for Editor in 0.60 ms, found 0 plugins.
Preloading 0 native plugins for Editor in 0.00 ms.
Unloading 2658 Unused Serialized files (Serialized files now loaded: 0)
System memory in use before: 129.8 MB.
System memory in use after: 126.3 MB.

Unloading 53 unused Assets to reduce memory usage. Loaded Objects now: 3446.
Total: 6.710100 ms (FindLiveObjects: 0.483000 ms CreateObjectMapping: 0.221100 ms MarkObjects: 3.180000 ms  DeleteObjects: 2.823100 ms)

========================================================================
Received Prepare
Registering precompiled user dll's ...
Registered in 0.002252 seconds.
Begin MonoManager ReloadAssembly
Native extension for WindowsStandalone target not found
Native extension for WebGL target not found
Refreshing native plugins compatible for Editor in 0.63 ms, found 0 plugins.
Preloading 0 native plugins for Editor in 0.00 ms.
Mono: successfully reloaded assembly
- Completed reload, in  1.408 seconds
Platform modules already initialized, skipping
Shader 'Universal Render Pipeline/Particles/Lit': fallback shader 'Universal Render Pipeline/Particles/SimpleLit' not found
Shader 'Universal Render Pipeline/Particles/Lit': fallback shader 'Universal Render Pipeline/Particles/SimpleLit' not found
Refreshing native plugins compatible for Editor in 0.70 ms, found 0 plugins.
Preloading 0 native plugins for Editor in 0.00 ms.
Unloading 2658 Unused Serialized files (Serialized files now loaded: 0)
System memory in use before: 129.7 MB.
System memory in use after: 126.3 MB.

Unloading 53 unused Assets to reduce memory usage. Loaded Objects now: 3449.
Total: 7.152900 ms (FindLiveObjects: 0.617900 ms CreateObjectMapping: 0.256900 ms MarkObjects: 3.724900 ms  DeleteObjects: 2.550000 ms)

========================================================================
Received Prepare
Shader 'Universal Render Pipeline/Particles/Lit': fallback shader 'Universal Render Pipeline/Particles/SimpleLit' not found
Shader 'Universal Render Pipeline/Particles/Lit': fallback shader 'Universal Render Pipeline/Particles/SimpleLit' not found
Refreshing native plugins compatible for Editor in 1.83 ms, found 0 plugins.
Preloading 0 native plugins for Editor in 0.00 ms.
Unloading 51 Unused Serialized files (Serialized files now loaded: 0)
System memory in use before: 78.2 MB.
System memory in use after: 74.9 MB.

Unloading 51 unused Assets to reduce memory usage. Loaded Objects now: 3449.
Total: 7.421600 ms (FindLiveObjects: 0.522600 ms CreateObjectMapping: 0.210200 ms MarkObjects: 4.023200 ms  DeleteObjects: 2.663700 ms)

AssetImportWorkerClient::OnTransportError - code=2 error=End of file
