Using pre-set license
Built from '2020.3/staging' branch; Version is '2020.3.6f1 (338bb68529b2) revision 3378102'; Using compiler version '192528614'; Build Type 'Release'
OS: 'Windows 10 Enterprise; OS build 19042.928; Version 2009; 64bit' Language: 'en' Physical Memory: 16301 MB
BatchMode: 1, IsHumanControllingUs: 0, StartBugReporterOnCrash: 0, Is64bit: 1, IsPro: 0

 COMMAND LINE ARGUMENTS:
C:\Program Files\Unity\Hub\Editor\2020.3.6f1\Editor\Unity.exe
-adb2
-batchMode
-noUpm
-name
AssetImportWorker0
-projectPath
C:/Unity/Rollaball
-logFile
Logs/AssetImportWorker0.log
-srvPort
65235
Successfully changed project path to: C:/Unity/Rollaball
C:/Unity/Rollaball
Using Asset Import Pipeline V2.
Refreshing native plugins compatible for Editor in 135.12 ms, found 0 plugins.
Preloading 0 native plugins for Editor in 0.00 ms.
Initialize engine version: 2020.3.6f1 (338bb68529b2)
[Subsystems] Discovering subsystems at path C:/Program Files/Unity/Hub/Editor/2020.3.6f1/Editor/Data/Resources/UnitySubsystems
[Subsystems] Discovering subsystems at path C:/Unity/Rollaball/Assets
GfxDevice: creating device client; threaded=0
Direct3D:
    Version:  Direct3D 11.0 [level 11.1]
    Renderer: Intel(R) UHD Graphics 620 (ID=0x5917)
    Vendor:   
    VRAM:     8150 MB
    Driver:   27.20.100.8681
Initialize mono
Mono path[0] = 'C:/Program Files/Unity/Hub/Editor/2020.3.6f1/Editor/Data/Managed'
Mono path[1] = 'C:/Program Files/Unity/Hub/Editor/2020.3.6f1/Editor/Data/MonoBleedingEdge/lib/mono/unityjit'
Mono config path = 'C:/Program Files/Unity/Hub/Editor/2020.3.6f1/Editor/Data/MonoBleedingEdge/etc'
Using monoOptions --debugger-agent=transport=dt_socket,embedding=1,server=y,suspend=n,address=127.0.0.1:56924
Begin MonoManager ReloadAssembly
Registering precompiled unity dll's ...
Register platform support module: C:/Program Files/Unity/Hub/Editor/2020.3.6f1/Editor/Data/PlaybackEngines/WebGLSupport/UnityEditor.WebGL.Extensions.dll
Register platform support module: C:/Program Files/Unity/Hub/Editor/2020.3.6f1/Editor/Data/PlaybackEngines/WindowsStandaloneSupport/UnityEditor.WindowsStandalone.Extensions.dll
Registered in 0.006271 seconds.
Native extension for WindowsStandalone target not found
Native extension for WebGL target not found
Refreshing native plugins compatible for Editor in 106.99 ms, found 0 plugins.
Preloading 0 native plugins for Editor in 0.00 ms.
Mono: successfully reloaded assembly
- Completed reload, in  3.085 seconds
Platform modules already initialized, skipping
Registering precompiled user dll's ...
Registered in 0.003539 seconds.
Begin MonoManager ReloadAssembly
Native extension for WindowsStandalone target not found
Native extension for WebGL target not found
Refreshing native plugins compatible for Editor in 120.59 ms, found 0 plugins.
Preloading 0 native plugins for Editor in 0.00 ms.
Mono: successfully reloaded assembly
- Completed reload, in  3.124 seconds
Platform modules already initialized, skipping
========================================================================
Worker process is ready to serve import requests
Shader 'Universal Render Pipeline/Particles/Lit': fallback shader 'Universal Render Pipeline/Particles/SimpleLit' not found
Shader 'Universal Render Pipeline/Particles/Lit': fallback shader 'Universal Render Pipeline/Particles/SimpleLit' not found
Launched and connected shader compiler UnityShaderCompiler.exe after 0.14 seconds
Refreshing native plugins compatible for Editor in 1.05 ms, found 0 plugins.
Preloading 0 native plugins for Editor in 0.00 ms.
Unloading 2717 Unused Serialized files (Serialized files now loaded: 0)
System memory in use before: 124.3 MB.
System memory in use after: 121.6 MB.

Unloading 47 unused Assets to reduce memory usage. Loaded Objects now: 3127.
Total: 6.836400 ms (FindLiveObjects: 0.429700 ms CreateObjectMapping: 0.259700 ms MarkObjects: 3.707800 ms  DeleteObjects: 2.437400 ms)

========================================================================
Received Import Request.
  path: Assets/Template/Materials
  artifactKey: Guid(d0234ba368eeec9418390da711bfdad0) Importer(815301076,1909f56bfc062723c751e8b465ee728b)
Start importing Assets/Template/Materials using Guid(d0234ba368eeec9418390da711bfdad0) Importer(815301076,1909f56bfc062723c751e8b465ee728b)  -> (artifact id: 'd8beee5a270c09a4d67f07e28c00e694') in 0.021771 seconds
  Import took 0.032164 seconds .

========================================================================
Received Import Request.
  Time since last request: 21.553998 seconds.
  path: Assets/Template/Materials/Skybox_Mat.mat
  artifactKey: Guid(0ffaa0b7117ba8c47a9d05ae701d4b4d) Importer(815301076,1909f56bfc062723c751e8b465ee728b)
Start importing Assets/Template/Materials/Skybox_Mat.mat using Guid(0ffaa0b7117ba8c47a9d05ae701d4b4d) Importer(815301076,1909f56bfc062723c751e8b465ee728b)  -> (artifact id: '0c78ca3ff60631bfbb4287b5a9d2fb93') in 0.571218 seconds
  Import took 0.584739 seconds .

========================================================================
Received Import Request.
  Time since last request: 19.509570 seconds.
  path: Assets/Scenes/MiniGame.unity
  artifactKey: Guid(98aaba6139d908f408175189727accd3) Importer(815301076,1909f56bfc062723c751e8b465ee728b)
Start importing Assets/Scenes/MiniGame.unity using Guid(98aaba6139d908f408175189727accd3) Importer(815301076,1909f56bfc062723c751e8b465ee728b)  -> (artifact id: '0d2a7a305592521c20d81da4f55d8e86') in 0.019699 seconds
  Import took 0.032370 seconds .

========================================================================
Received Import Request.
  Time since last request: 0.008055 seconds.
  path: Assets/Scenes/MiniGame.unity
  artifactKey: Guid(98aaba6139d908f408175189727accd3) Importer(815301076,1909f56bfc062723c751e8b465ee728b)
Start importing Assets/Scenes/MiniGame.unity using Guid(98aaba6139d908f408175189727accd3) Importer(815301076,1909f56bfc062723c751e8b465ee728b)  -> (artifact id: '0d2a7a305592521c20d81da4f55d8e86') in 0.008118 seconds
  Import took 0.018541 seconds .

========================================================================
Received Prepare
Registering precompiled user dll's ...
Registered in 0.003788 seconds.
Begin MonoManager ReloadAssembly
Native extension for WindowsStandalone target not found
Native extension for WebGL target not found
Refreshing native plugins compatible for Editor in 1.46 ms, found 0 plugins.
Preloading 0 native plugins for Editor in 0.00 ms.
Mono: successfully reloaded assembly
- Completed reload, in  2.990 seconds
Platform modules already initialized, skipping
Shader 'Universal Render Pipeline/Particles/Lit': fallback shader 'Universal Render Pipeline/Particles/SimpleLit' not found
Shader 'Universal Render Pipeline/Particles/Lit': fallback shader 'Universal Render Pipeline/Particles/SimpleLit' not found
Refreshing native plugins compatible for Editor in 0.80 ms, found 0 plugins.
Preloading 0 native plugins for Editor in 0.00 ms.
Unloading 2642 Unused Serialized files (Serialized files now loaded: 0)
System memory in use before: 126.2 MB.
System memory in use after: 123.5 MB.

Unloading 40 unused Assets to reduce memory usage. Loaded Objects now: 3208.
Total: 7.559000 ms (FindLiveObjects: 0.514100 ms CreateObjectMapping: 0.318800 ms MarkObjects: 4.063900 ms  DeleteObjects: 2.659800 ms)

========================================================================
Received Prepare
Shader 'Universal Render Pipeline/Particles/Lit': fallback shader 'Universal Render Pipeline/Particles/SimpleLit' not found
Shader 'Universal Render Pipeline/Particles/Lit': fallback shader 'Universal Render Pipeline/Particles/SimpleLit' not found
Refreshing native plugins compatible for Editor in 2.79 ms, found 0 plugins.
Preloading 0 native plugins for Editor in 0.00 ms.
Unloading 38 Unused Serialized files (Serialized files now loaded: 0)
System memory in use before: 74.8 MB.
System memory in use after: 72.1 MB.

Unloading 38 unused Assets to reduce memory usage. Loaded Objects now: 3208.
Total: 7.434500 ms (FindLiveObjects: 0.662000 ms CreateObjectMapping: 0.345900 ms MarkObjects: 3.735400 ms  DeleteObjects: 2.688500 ms)

========================================================================
Received Import Request.
  Time since last request: 522.986964 seconds.
  path: Assets/Scripts
  artifactKey: Guid(99d163b522fac5145a429f680d90fa22) Importer(815301076,1909f56bfc062723c751e8b465ee728b)
Start importing Assets/Scripts using Guid(99d163b522fac5145a429f680d90fa22) Importer(815301076,1909f56bfc062723c751e8b465ee728b)  -> (artifact id: 'a5b78df20bdd798a36c8d537eb53a934') in 0.018433 seconds
  Import took 0.028240 seconds .

========================================================================
Received Import Request.
  Time since last request: 0.001073 seconds.
  path: Assets/Scripts
  artifactKey: Guid(99d163b522fac5145a429f680d90fa22) Importer(815301076,1909f56bfc062723c751e8b465ee728b)
Start importing Assets/Scripts using Guid(99d163b522fac5145a429f680d90fa22) Importer(815301076,1909f56bfc062723c751e8b465ee728b)  -> (artifact id: 'a5b78df20bdd798a36c8d537eb53a934') in 0.007233 seconds
  Import took 0.018327 seconds .

========================================================================
Received Import Request.
  Time since last request: 22.012091 seconds.
  path: Assets/Scripts/NewBehaviourScript.cs
  artifactKey: Guid(972fc3714b77c854c9937565f537d480) Importer(815301076,1909f56bfc062723c751e8b465ee728b)
Start importing Assets/Scripts/NewBehaviourScript.cs using Guid(972fc3714b77c854c9937565f537d480) Importer(815301076,1909f56bfc062723c751e8b465ee728b)  -> (artifact id: '90d70ce76cbdaf3caf539f3d48e72d4e') in 0.044421 seconds
  Import took 0.052799 seconds .

========================================================================
Received Import Request.
  Time since last request: 6.259828 seconds.
  path: Assets/Scripts/NewBehaviourScript.cs
  artifactKey: Guid(972fc3714b77c854c9937565f537d480) Importer(815301076,1909f56bfc062723c751e8b465ee728b)
Start importing Assets/Scripts/NewBehaviourScript.cs using Guid(972fc3714b77c854c9937565f537d480) Importer(815301076,1909f56bfc062723c751e8b465ee728b)  -> (artifact id: '90d70ce76cbdaf3caf539f3d48e72d4e') in 0.008083 seconds
  Import took 0.015719 seconds .

========================================================================
Received Prepare
Registering precompiled user dll's ...
Registered in 0.003297 seconds.
Begin MonoManager ReloadAssembly
Native extension for WindowsStandalone target not found
Native extension for WebGL target not found
Refreshing native plugins compatible for Editor in 0.63 ms, found 0 plugins.
Preloading 0 native plugins for Editor in 0.00 ms.
Mono: successfully reloaded assembly
- Completed reload, in  1.671 seconds
Platform modules already initialized, skipping
Shader 'Universal Render Pipeline/Particles/Lit': fallback shader 'Universal Render Pipeline/Particles/SimpleLit' not found
Shader 'Universal Render Pipeline/Particles/Lit': fallback shader 'Universal Render Pipeline/Particles/SimpleLit' not found
Refreshing native plugins compatible for Editor in 0.64 ms, found 0 plugins.
Preloading 0 native plugins for Editor in 0.00 ms.
Unloading 2643 Unused Serialized files (Serialized files now loaded: 0)
System memory in use before: 126.3 MB.
System memory in use after: 123.6 MB.

Unloading 40 unused Assets to reduce memory usage. Loaded Objects now: 3212.
Total: 5.903800 ms (FindLiveObjects: 0.392600 ms CreateObjectMapping: 0.210800 ms MarkObjects: 3.197800 ms  DeleteObjects: 2.101000 ms)

========================================================================
Received Prepare
Registering precompiled user dll's ...
Registered in 0.003834 seconds.
Begin MonoManager ReloadAssembly
Native extension for WindowsStandalone target not found
Native extension for WebGL target not found
Refreshing native plugins compatible for Editor in 0.62 ms, found 0 plugins.
Preloading 0 native plugins for Editor in 0.00 ms.
Mono: successfully reloaded assembly
- Completed reload, in  1.886 seconds
Platform modules already initialized, skipping
Shader 'Universal Render Pipeline/Particles/Lit': fallback shader 'Universal Render Pipeline/Particles/SimpleLit' not found
Shader 'Universal Render Pipeline/Particles/Lit': fallback shader 'Universal Render Pipeline/Particles/SimpleLit' not found
Refreshing native plugins compatible for Editor in 0.61 ms, found 0 plugins.
Preloading 0 native plugins for Editor in 0.00 ms.
Unloading 2642 Unused Serialized files (Serialized files now loaded: 0)
System memory in use before: 126.3 MB.
System memory in use after: 123.6 MB.

Unloading 41 unused Assets to reduce memory usage. Loaded Objects now: 3214.
Total: 6.152800 ms (FindLiveObjects: 0.400800 ms CreateObjectMapping: 0.196000 ms MarkObjects: 3.356500 ms  DeleteObjects: 2.198100 ms)

========================================================================
Received Prepare
Registering precompiled user dll's ...
Registered in 0.002938 seconds.
Begin MonoManager ReloadAssembly
Native extension for WindowsStandalone target not found
Native extension for WebGL target not found
Refreshing native plugins compatible for Editor in 0.70 ms, found 0 plugins.
Preloading 0 native plugins for Editor in 0.00 ms.
Mono: successfully reloaded assembly
- Completed reload, in  1.957 seconds
Platform modules already initialized, skipping
Shader 'Universal Render Pipeline/Particles/Lit': fallback shader 'Universal Render Pipeline/Particles/SimpleLit' not found
Shader 'Universal Render Pipeline/Particles/Lit': fallback shader 'Universal Render Pipeline/Particles/SimpleLit' not found
Refreshing native plugins compatible for Editor in 0.63 ms, found 0 plugins.
Preloading 0 native plugins for Editor in 0.00 ms.
Unloading 2643 Unused Serialized files (Serialized files now loaded: 0)
System memory in use before: 126.4 MB.
System memory in use after: 123.6 MB.

Unloading 40 unused Assets to reduce memory usage. Loaded Objects now: 3218.
Total: 6.153900 ms (FindLiveObjects: 0.363700 ms CreateObjectMapping: 0.182200 ms MarkObjects: 3.014300 ms  DeleteObjects: 2.591700 ms)

========================================================================
Received Import Request.
  Time since last request: 98.684227 seconds.
  path: Assets/PlayerController.cs
  artifactKey: Guid(0cc68201815b22247be2af0514057c64) Importer(815301076,1909f56bfc062723c751e8b465ee728b)
Start importing Assets/PlayerController.cs using Guid(0cc68201815b22247be2af0514057c64) Importer(815301076,1909f56bfc062723c751e8b465ee728b)  -> (artifact id: 'be920bfc78957ac50b72097679bb68d7') in 0.022830 seconds
  Import took 0.030969 seconds .

========================================================================
Received Import Request.
  Time since last request: 0.000530 seconds.
  path: Assets/PlayerController.cs
  artifactKey: Guid(0cc68201815b22247be2af0514057c64) Importer(815301076,1909f56bfc062723c751e8b465ee728b)
Start importing Assets/PlayerController.cs using Guid(0cc68201815b22247be2af0514057c64) Importer(815301076,1909f56bfc062723c751e8b465ee728b)  -> (artifact id: 'be920bfc78957ac50b72097679bb68d7') in 0.005292 seconds
  Import took 0.016019 seconds .

========================================================================
Received Prepare
Registering precompiled user dll's ...
Registered in 0.003102 seconds.
Begin MonoManager ReloadAssembly
Native extension for WindowsStandalone target not found
Native extension for WebGL target not found
Refreshing native plugins compatible for Editor in 0.66 ms, found 0 plugins.
Preloading 0 native plugins for Editor in 0.00 ms.
Mono: successfully reloaded assembly
- Completed reload, in  1.875 seconds
Platform modules already initialized, skipping
Shader 'Universal Render Pipeline/Particles/Lit': fallback shader 'Universal Render Pipeline/Particles/SimpleLit' not found
Shader 'Universal Render Pipeline/Particles/Lit': fallback shader 'Universal Render Pipeline/Particles/SimpleLit' not found
Refreshing native plugins compatible for Editor in 0.65 ms, found 0 plugins.
Preloading 0 native plugins for Editor in 0.00 ms.
Unloading 2643 Unused Serialized files (Serialized files now loaded: 0)
System memory in use before: 126.4 MB.
System memory in use after: 123.6 MB.

Unloading 40 unused Assets to reduce memory usage. Loaded Objects now: 3221.
Total: 5.985700 ms (FindLiveObjects: 0.468300 ms CreateObjectMapping: 0.227500 ms MarkObjects: 3.005900 ms  DeleteObjects: 2.281500 ms)

========================================================================
Received Prepare
Registering precompiled user dll's ...
Registered in 0.002802 seconds.
Begin MonoManager ReloadAssembly
Native extension for WindowsStandalone target not found
Native extension for WebGL target not found
Refreshing native plugins compatible for Editor in 0.68 ms, found 0 plugins.
Preloading 0 native plugins for Editor in 0.00 ms.
Mono: successfully reloaded assembly
- Completed reload, in  1.972 seconds
Platform modules already initialized, skipping
Shader 'Universal Render Pipeline/Particles/Lit': fallback shader 'Universal Render Pipeline/Particles/SimpleLit' not found
Shader 'Universal Render Pipeline/Particles/Lit': fallback shader 'Universal Render Pipeline/Particles/SimpleLit' not found
Refreshing native plugins compatible for Editor in 0.64 ms, found 0 plugins.
Preloading 0 native plugins for Editor in 0.00 ms.
Unloading 2643 Unused Serialized files (Serialized files now loaded: 0)
System memory in use before: 126.4 MB.
System memory in use after: 123.6 MB.

Unloading 40 unused Assets to reduce memory usage. Loaded Objects now: 3224.
Total: 6.557000 ms (FindLiveObjects: 0.587500 ms CreateObjectMapping: 0.297800 ms MarkObjects: 3.298200 ms  DeleteObjects: 2.370800 ms)

========================================================================
Received Import Request.
  Time since last request: 303.166616 seconds.
  path: Assets/Scripts/PlayerController.cs
  artifactKey: Guid(0cc68201815b22247be2af0514057c64) Importer(815301076,1909f56bfc062723c751e8b465ee728b)
Start importing Assets/Scripts/PlayerController.cs using Guid(0cc68201815b22247be2af0514057c64) Importer(815301076,1909f56bfc062723c751e8b465ee728b)  -> (artifact id: '1bab4f83d7cfa02a028ba915d7e6104d') in 0.010735 seconds
  Import took 0.019072 seconds .

========================================================================
Received Prepare
Registering precompiled user dll's ...
Registered in 0.006213 seconds.
Begin MonoManager ReloadAssembly
Native extension for WindowsStandalone target not found
Native extension for WebGL target not found
Refreshing native plugins compatible for Editor in 1.04 ms, found 0 plugins.
Preloading 0 native plugins for Editor in 0.00 ms.
Mono: successfully reloaded assembly
- Completed reload, in  2.928 seconds
Platform modules already initialized, skipping
Shader 'Universal Render Pipeline/Particles/Lit': fallback shader 'Universal Render Pipeline/Particles/SimpleLit' not found
Shader 'Universal Render Pipeline/Particles/Lit': fallback shader 'Universal Render Pipeline/Particles/SimpleLit' not found
Refreshing native plugins compatible for Editor in 0.90 ms, found 0 plugins.
Preloading 0 native plugins for Editor in 0.00 ms.
Unloading 2643 Unused Serialized files (Serialized files now loaded: 0)
System memory in use before: 126.4 MB.
System memory in use after: 123.6 MB.

Unloading 40 unused Assets to reduce memory usage. Loaded Objects now: 3227.
Total: 7.166200 ms (FindLiveObjects: 0.711300 ms CreateObjectMapping: 0.381600 ms MarkObjects: 3.445800 ms  DeleteObjects: 2.625100 ms)

========================================================================
Received Prepare
Registering precompiled user dll's ...
Registered in 0.005252 seconds.
Begin MonoManager ReloadAssembly
Native extension for WindowsStandalone target not found
Native extension for WebGL target not found
Refreshing native plugins compatible for Editor in 1.25 ms, found 0 plugins.
Preloading 0 native plugins for Editor in 0.00 ms.
Mono: successfully reloaded assembly
- Completed reload, in  4.536 seconds
Platform modules already initialized, skipping
Shader 'Universal Render Pipeline/Particles/Lit': fallback shader 'Universal Render Pipeline/Particles/SimpleLit' not found
Shader 'Universal Render Pipeline/Particles/Lit': fallback shader 'Universal Render Pipeline/Particles/SimpleLit' not found
Refreshing native plugins compatible for Editor in 0.79 ms, found 0 plugins.
Preloading 0 native plugins for Editor in 0.00 ms.
Unloading 2643 Unused Serialized files (Serialized files now loaded: 0)
System memory in use before: 126.4 MB.
System memory in use after: 123.7 MB.

Unloading 40 unused Assets to reduce memory usage. Loaded Objects now: 3230.
Total: 8.367100 ms (FindLiveObjects: 0.525700 ms CreateObjectMapping: 0.382200 ms MarkObjects: 4.294200 ms  DeleteObjects: 3.161800 ms)

========================================================================
Received Import Request.
  Time since last request: 2143.302306 seconds.
  path: Assets/Scripts/PlayerController.cs
  artifactKey: Guid(0cc68201815b22247be2af0514057c64) Importer(815301076,1909f56bfc062723c751e8b465ee728b)
Start importing Assets/Scripts/PlayerController.cs using Guid(0cc68201815b22247be2af0514057c64) Importer(815301076,1909f56bfc062723c751e8b465ee728b)  -> (artifact id: '84f950a256d965fc15c9bccd92034b55') in 0.103349 seconds
  Import took 0.182809 seconds .

========================================================================
Received Prepare
Registering precompiled user dll's ...
Registered in 0.013328 seconds.
Begin MonoManager ReloadAssembly
Native extension for WindowsStandalone target not found
Native extension for WebGL target not found
Refreshing native plugins compatible for Editor in 11.88 ms, found 0 plugins.
Preloading 0 native plugins for Editor in 0.00 ms.
Mono: successfully reloaded assembly
- Completed reload, in 10.602 seconds
Platform modules already initialized, skipping
Shader 'Universal Render Pipeline/Particles/Lit': fallback shader 'Universal Render Pipeline/Particles/SimpleLit' not found
Shader 'Universal Render Pipeline/Particles/Lit': fallback shader 'Universal Render Pipeline/Particles/SimpleLit' not found
Refreshing native plugins compatible for Editor in 1.95 ms, found 0 plugins.
Preloading 0 native plugins for Editor in 0.00 ms.
Unloading 2643 Unused Serialized files (Serialized files now loaded: 0)
System memory in use before: 126.4 MB.
System memory in use after: 123.7 MB.

Unloading 40 unused Assets to reduce memory usage. Loaded Objects now: 3233.
Total: 37.156900 ms (FindLiveObjects: 2.304500 ms CreateObjectMapping: 1.484000 ms MarkObjects: 21.466300 ms  DeleteObjects: 11.894000 ms)

========================================================================
Received Prepare
Registering precompiled user dll's ...
Registered in 0.013196 seconds.
Begin MonoManager ReloadAssembly
Native extension for WindowsStandalone target not found
Native extension for WebGL target not found
Refreshing native plugins compatible for Editor in 0.57 ms, found 0 plugins.
Preloading 0 native plugins for Editor in 0.00 ms.
Mono: successfully reloaded assembly
- Completed reload, in  1.363 seconds
Platform modules already initialized, skipping
Shader 'Universal Render Pipeline/Particles/Lit': fallback shader 'Universal Render Pipeline/Particles/SimpleLit' not found
Shader 'Universal Render Pipeline/Particles/Lit': fallback shader 'Universal Render Pipeline/Particles/SimpleLit' not found
Refreshing native plugins compatible for Editor in 0.57 ms, found 0 plugins.
Preloading 0 native plugins for Editor in 0.00 ms.
Unloading 2643 Unused Serialized files (Serialized files now loaded: 0)
System memory in use before: 126.4 MB.
System memory in use after: 123.7 MB.

Unloading 40 unused Assets to reduce memory usage. Loaded Objects now: 3236.
Total: 5.447800 ms (FindLiveObjects: 0.394100 ms CreateObjectMapping: 0.180100 ms MarkObjects: 2.892400 ms  DeleteObjects: 1.979000 ms)

========================================================================
Received Prepare
Registering precompiled user dll's ...
Registered in 0.002877 seconds.
Begin MonoManager ReloadAssembly
Native extension for WindowsStandalone target not found
Native extension for WebGL target not found
Refreshing native plugins compatible for Editor in 0.66 ms, found 0 plugins.
Preloading 0 native plugins for Editor in 0.00 ms.
Mono: successfully reloaded assembly
- Completed reload, in  1.377 seconds
Platform modules already initialized, skipping
Shader 'Universal Render Pipeline/Particles/Lit': fallback shader 'Universal Render Pipeline/Particles/SimpleLit' not found
Shader 'Universal Render Pipeline/Particles/Lit': fallback shader 'Universal Render Pipeline/Particles/SimpleLit' not found
Refreshing native plugins compatible for Editor in 0.62 ms, found 0 plugins.
Preloading 0 native plugins for Editor in 0.00 ms.
Unloading 2643 Unused Serialized files (Serialized files now loaded: 0)
System memory in use before: 126.4 MB.
System memory in use after: 123.7 MB.

Unloading 40 unused Assets to reduce memory usage. Loaded Objects now: 3239.
Total: 6.792300 ms (FindLiveObjects: 0.367700 ms CreateObjectMapping: 0.190500 ms MarkObjects: 4.059400 ms  DeleteObjects: 2.172600 ms)

========================================================================
Received Prepare
Registering precompiled user dll's ...
Registered in 0.002567 seconds.
Begin MonoManager ReloadAssembly
Native extension for WindowsStandalone target not found
Native extension for WebGL target not found
Refreshing native plugins compatible for Editor in 0.52 ms, found 0 plugins.
Preloading 0 native plugins for Editor in 0.00 ms.
Mono: successfully reloaded assembly
- Completed reload, in  1.373 seconds
Platform modules already initialized, skipping
Shader 'Universal Render Pipeline/Particles/Lit': fallback shader 'Universal Render Pipeline/Particles/SimpleLit' not found
Shader 'Universal Render Pipeline/Particles/Lit': fallback shader 'Universal Render Pipeline/Particles/SimpleLit' not found
Refreshing native plugins compatible for Editor in 0.97 ms, found 0 plugins.
Preloading 0 native plugins for Editor in 0.00 ms.
Unloading 2642 Unused Serialized files (Serialized files now loaded: 0)
System memory in use before: 126.4 MB.
System memory in use after: 123.7 MB.

Unloading 41 unused Assets to reduce memory usage. Loaded Objects now: 3241.
Total: 5.919700 ms (FindLiveObjects: 0.398400 ms CreateObjectMapping: 0.205100 ms MarkObjects: 3.135800 ms  DeleteObjects: 2.178400 ms)

========================================================================
Received Prepare
Registering precompiled user dll's ...
Registered in 0.003043 seconds.
Begin MonoManager ReloadAssembly
Native extension for WindowsStandalone target not found
Native extension for WebGL target not found
Refreshing native plugins compatible for Editor in 0.66 ms, found 0 plugins.
Preloading 0 native plugins for Editor in 0.00 ms.
Mono: successfully reloaded assembly
- Completed reload, in  1.419 seconds
Platform modules already initialized, skipping
Shader 'Universal Render Pipeline/Particles/Lit': fallback shader 'Universal Render Pipeline/Particles/SimpleLit' not found
Shader 'Universal Render Pipeline/Particles/Lit': fallback shader 'Universal Render Pipeline/Particles/SimpleLit' not found
Refreshing native plugins compatible for Editor in 0.55 ms, found 0 plugins.
Preloading 0 native plugins for Editor in 0.00 ms.
Unloading 2643 Unused Serialized files (Serialized files now loaded: 0)
System memory in use before: 126.4 MB.
System memory in use after: 123.7 MB.

Unloading 40 unused Assets to reduce memory usage. Loaded Objects now: 3245.
Total: 12.331300 ms (FindLiveObjects: 0.705600 ms CreateObjectMapping: 0.517100 ms MarkObjects: 6.520400 ms  DeleteObjects: 4.584100 ms)

========================================================================
Received Prepare
Registering precompiled user dll's ...
Registered in 0.002134 seconds.
Begin MonoManager ReloadAssembly
Native extension for WindowsStandalone target not found
Native extension for WebGL target not found
Refreshing native plugins compatible for Editor in 0.65 ms, found 0 plugins.
Preloading 0 native plugins for Editor in 0.00 ms.
Mono: successfully reloaded assembly
- Completed reload, in  1.326 seconds
Platform modules already initialized, skipping
Shader 'Universal Render Pipeline/Particles/Lit': fallback shader 'Universal Render Pipeline/Particles/SimpleLit' not found
Shader 'Universal Render Pipeline/Particles/Lit': fallback shader 'Universal Render Pipeline/Particles/SimpleLit' not found
Refreshing native plugins compatible for Editor in 0.59 ms, found 0 plugins.
Preloading 0 native plugins for Editor in 0.00 ms.
Unloading 2643 Unused Serialized files (Serialized files now loaded: 0)
System memory in use before: 126.4 MB.
System memory in use after: 123.7 MB.

Unloading 40 unused Assets to reduce memory usage. Loaded Objects now: 3248.
Total: 5.371000 ms (FindLiveObjects: 0.344000 ms CreateObjectMapping: 0.167900 ms MarkObjects: 2.903900 ms  DeleteObjects: 1.953600 ms)

========================================================================
Received Import Request.
  Time since last request: 35310.576919 seconds.
  path: Assets/Scripts/PlayerController.cs
  artifactKey: Guid(11c6a28e189153149ad9f1156151900a) Importer(815301076,1909f56bfc062723c751e8b465ee728b)
Start importing Assets/Scripts/PlayerController.cs using Guid(11c6a28e189153149ad9f1156151900a) Importer(815301076,1909f56bfc062723c751e8b465ee728b)  -> (artifact id: 'fe5e1e9514d4f79bd591dcb8da7beeda') in 0.020703 seconds
  Import took 0.030644 seconds .

========================================================================
Received Import Request.
  Time since last request: 0.003015 seconds.
  path: Assets/Scripts/PlayerController.cs
  artifactKey: Guid(11c6a28e189153149ad9f1156151900a) Importer(815301076,1909f56bfc062723c751e8b465ee728b)
Start importing Assets/Scripts/PlayerController.cs using Guid(11c6a28e189153149ad9f1156151900a) Importer(815301076,1909f56bfc062723c751e8b465ee728b)  -> (artifact id: 'fe5e1e9514d4f79bd591dcb8da7beeda') in 0.007625 seconds
  Import took 0.016908 seconds .

========================================================================
Received Prepare
Registering precompiled user dll's ...
Registered in 0.003046 seconds.
Begin MonoManager ReloadAssembly
Native extension for WindowsStandalone target not found
Native extension for WebGL target not found
Refreshing native plugins compatible for Editor in 0.54 ms, found 0 plugins.
Preloading 0 native plugins for Editor in 0.00 ms.
Mono: successfully reloaded assembly
- Completed reload, in  1.326 seconds
Platform modules already initialized, skipping
Shader 'Universal Render Pipeline/Particles/Lit': fallback shader 'Universal Render Pipeline/Particles/SimpleLit' not found
Shader 'Universal Render Pipeline/Particles/Lit': fallback shader 'Universal Render Pipeline/Particles/SimpleLit' not found
Refreshing native plugins compatible for Editor in 1.09 ms, found 0 plugins.
Preloading 0 native plugins for Editor in 0.00 ms.
Unloading 2643 Unused Serialized files (Serialized files now loaded: 0)
System memory in use before: 126.5 MB.
System memory in use after: 123.7 MB.

Unloading 40 unused Assets to reduce memory usage. Loaded Objects now: 3251.
Total: 6.871600 ms (FindLiveObjects: 0.524100 ms CreateObjectMapping: 0.340700 ms MarkObjects: 3.507700 ms  DeleteObjects: 2.497000 ms)

========================================================================
Received Import Request.
  Time since last request: 152.327860 seconds.
  path: Assets/Scripts/PlayerController.cs
  artifactKey: Guid(11c6a28e189153149ad9f1156151900a) Importer(815301076,1909f56bfc062723c751e8b465ee728b)
Start importing Assets/Scripts/PlayerController.cs using Guid(11c6a28e189153149ad9f1156151900a) Importer(815301076,1909f56bfc062723c751e8b465ee728b)  -> (artifact id: '2a05c0350c9bf273de1ccb66f9df3ef6') in 0.009301 seconds
  Import took 0.017546 seconds .

========================================================================
Received Prepare
Registering precompiled user dll's ...
Registered in 0.002426 seconds.
Begin MonoManager ReloadAssembly
Native extension for WindowsStandalone target not found
Native extension for WebGL target not found
Refreshing native plugins compatible for Editor in 0.55 ms, found 0 plugins.
Preloading 0 native plugins for Editor in 0.00 ms.
Mono: successfully reloaded assembly
- Completed reload, in  1.372 seconds
Platform modules already initialized, skipping
Shader 'Universal Render Pipeline/Particles/Lit': fallback shader 'Universal Render Pipeline/Particles/SimpleLit' not found
Shader 'Universal Render Pipeline/Particles/Lit': fallback shader 'Universal Render Pipeline/Particles/SimpleLit' not found
Refreshing native plugins compatible for Editor in 0.70 ms, found 0 plugins.
Preloading 0 native plugins for Editor in 0.00 ms.
Unloading 2643 Unused Serialized files (Serialized files now loaded: 0)
System memory in use before: 126.5 MB.
System memory in use after: 123.7 MB.

Unloading 40 unused Assets to reduce memory usage. Loaded Objects now: 3254.
Total: 13.366600 ms (FindLiveObjects: 1.142100 ms CreateObjectMapping: 0.927700 ms MarkObjects: 6.563200 ms  DeleteObjects: 4.727100 ms)

========================================================================
Received Prepare
Registering precompiled user dll's ...
Registered in 0.002703 seconds.
Begin MonoManager ReloadAssembly
Native extension for WindowsStandalone target not found
Native extension for WebGL target not found
Refreshing native plugins compatible for Editor in 0.62 ms, found 0 plugins.
Preloading 0 native plugins for Editor in 0.00 ms.
Mono: successfully reloaded assembly
- Completed reload, in  1.444 seconds
Platform modules already initialized, skipping
Shader 'Universal Render Pipeline/Particles/Lit': fallback shader 'Universal Render Pipeline/Particles/SimpleLit' not found
Shader 'Universal Render Pipeline/Particles/Lit': fallback shader 'Universal Render Pipeline/Particles/SimpleLit' not found
Refreshing native plugins compatible for Editor in 0.58 ms, found 0 plugins.
Preloading 0 native plugins for Editor in 0.00 ms.
Unloading 2643 Unused Serialized files (Serialized files now loaded: 0)
System memory in use before: 126.5 MB.
System memory in use after: 123.7 MB.

Unloading 40 unused Assets to reduce memory usage. Loaded Objects now: 3257.
Total: 5.651200 ms (FindLiveObjects: 0.325700 ms CreateObjectMapping: 0.152000 ms MarkObjects: 3.143100 ms  DeleteObjects: 2.028800 ms)

========================================================================
Received Prepare
Registering precompiled user dll's ...
Registered in 0.002636 seconds.
Begin MonoManager ReloadAssembly
Native extension for WindowsStandalone target not found
Native extension for WebGL target not found
Refreshing native plugins compatible for Editor in 0.61 ms, found 0 plugins.
Preloading 0 native plugins for Editor in 0.00 ms.
Mono: successfully reloaded assembly
- Completed reload, in  1.237 seconds
Platform modules already initialized, skipping
Shader 'Universal Render Pipeline/Particles/Lit': fallback shader 'Universal Render Pipeline/Particles/SimpleLit' not found
Shader 'Universal Render Pipeline/Particles/Lit': fallback shader 'Universal Render Pipeline/Particles/SimpleLit' not found
Refreshing native plugins compatible for Editor in 0.60 ms, found 0 plugins.
Preloading 0 native plugins for Editor in 0.00 ms.
Unloading 2643 Unused Serialized files (Serialized files now loaded: 0)
System memory in use before: 126.5 MB.
System memory in use after: 123.7 MB.

Unloading 40 unused Assets to reduce memory usage. Loaded Objects now: 3260.
Total: 5.598600 ms (FindLiveObjects: 0.345100 ms CreateObjectMapping: 0.157300 ms MarkObjects: 3.001100 ms  DeleteObjects: 2.092800 ms)

========================================================================
Received Prepare
Registering precompiled user dll's ...
Registered in 0.002140 seconds.
Begin MonoManager ReloadAssembly
Native extension for WindowsStandalone target not found
Native extension for WebGL target not found
Refreshing native plugins compatible for Editor in 0.53 ms, found 0 plugins.
Preloading 0 native plugins for Editor in 0.00 ms.
Mono: successfully reloaded assembly
- Completed reload, in  1.481 seconds
Platform modules already initialized, skipping
Shader 'Universal Render Pipeline/Particles/Lit': fallback shader 'Universal Render Pipeline/Particles/SimpleLit' not found
Shader 'Universal Render Pipeline/Particles/Lit': fallback shader 'Universal Render Pipeline/Particles/SimpleLit' not found
Refreshing native plugins compatible for Editor in 0.61 ms, found 0 plugins.
Preloading 0 native plugins for Editor in 0.00 ms.
Unloading 2644 Unused Serialized files (Serialized files now loaded: 0)
System memory in use before: 126.5 MB.
System memory in use after: 123.8 MB.

Unloading 40 unused Assets to reduce memory usage. Loaded Objects now: 3264.
Total: 8.007100 ms (FindLiveObjects: 0.494400 ms CreateObjectMapping: 0.264900 ms MarkObjects: 4.383900 ms  DeleteObjects: 2.861800 ms)

========================================================================
Received Prepare
Registering precompiled user dll's ...
Registered in 0.002739 seconds.
Begin MonoManager ReloadAssembly
Native extension for WindowsStandalone target not found
Native extension for WebGL target not found
Refreshing native plugins compatible for Editor in 0.59 ms, found 0 plugins.
Preloading 0 native plugins for Editor in 0.00 ms.
Mono: successfully reloaded assembly
- Completed reload, in  1.457 seconds
Platform modules already initialized, skipping
Shader 'Universal Render Pipeline/Particles/Lit': fallback shader 'Universal Render Pipeline/Particles/SimpleLit' not found
Shader 'Universal Render Pipeline/Particles/Lit': fallback shader 'Universal Render Pipeline/Particles/SimpleLit' not found
Refreshing native plugins compatible for Editor in 0.60 ms, found 0 plugins.
Preloading 0 native plugins for Editor in 0.00 ms.
Unloading 2644 Unused Serialized files (Serialized files now loaded: 0)
System memory in use before: 126.6 MB.
System memory in use after: 123.8 MB.

Unloading 40 unused Assets to reduce memory usage. Loaded Objects now: 3267.
Total: 14.408600 ms (FindLiveObjects: 0.822300 ms CreateObjectMapping: 0.578200 ms MarkObjects: 7.842100 ms  DeleteObjects: 5.162100 ms)

========================================================================
Received Import Request.
  Time since last request: 604.298915 seconds.
  path: Assets/Scripts/CameraController.cs
  artifactKey: Guid(65cdbcff24375604d985fdef31d19631) Importer(815301076,1909f56bfc062723c751e8b465ee728b)
Start importing Assets/Scripts/CameraController.cs using Guid(65cdbcff24375604d985fdef31d19631) Importer(815301076,1909f56bfc062723c751e8b465ee728b)  -> (artifact id: '578f888e0998ba18a8fca21b41dcd649') in 0.021326 seconds
  Import took 0.028468 seconds .

========================================================================
Received Prepare
Registering precompiled user dll's ...
Registered in 0.002140 seconds.
Begin MonoManager ReloadAssembly
Native extension for WindowsStandalone target not found
Native extension for WebGL target not found
Refreshing native plugins compatible for Editor in 0.55 ms, found 0 plugins.
Preloading 0 native plugins for Editor in 0.00 ms.
Mono: successfully reloaded assembly
- Completed reload, in  1.334 seconds
Platform modules already initialized, skipping
Shader 'Universal Render Pipeline/Particles/Lit': fallback shader 'Universal Render Pipeline/Particles/SimpleLit' not found
Shader 'Universal Render Pipeline/Particles/Lit': fallback shader 'Universal Render Pipeline/Particles/SimpleLit' not found
Refreshing native plugins compatible for Editor in 0.57 ms, found 0 plugins.
Preloading 0 native plugins for Editor in 0.00 ms.
Unloading 2644 Unused Serialized files (Serialized files now loaded: 0)
System memory in use before: 126.6 MB.
System memory in use after: 123.8 MB.

Unloading 40 unused Assets to reduce memory usage. Loaded Objects now: 3270.
Total: 5.201400 ms (FindLiveObjects: 0.381000 ms CreateObjectMapping: 0.175300 ms MarkObjects: 2.607800 ms  DeleteObjects: 2.035900 ms)

========================================================================
Received Import Request.
  Time since last request: 265.045796 seconds.
  path: Assets/Scripts/CameraController.cs
  artifactKey: Guid(65cdbcff24375604d985fdef31d19631) Importer(815301076,1909f56bfc062723c751e8b465ee728b)
Start importing Assets/Scripts/CameraController.cs using Guid(65cdbcff24375604d985fdef31d19631) Importer(815301076,1909f56bfc062723c751e8b465ee728b)  -> (artifact id: '8d2dbd115811a0f25cf3add5d2661663') in 0.021623 seconds
  Import took 0.041564 seconds .

========================================================================
Received Prepare
Registering precompiled user dll's ...
Registered in 0.002113 seconds.
Begin MonoManager ReloadAssembly
Native extension for WindowsStandalone target not found
Native extension for WebGL target not found
Refreshing native plugins compatible for Editor in 0.53 ms, found 0 plugins.
Preloading 0 native plugins for Editor in 0.00 ms.
Mono: successfully reloaded assembly
- Completed reload, in  1.269 seconds
Platform modules already initialized, skipping
Shader 'Universal Render Pipeline/Particles/Lit': fallback shader 'Universal Render Pipeline/Particles/SimpleLit' not found
Shader 'Universal Render Pipeline/Particles/Lit': fallback shader 'Universal Render Pipeline/Particles/SimpleLit' not found
Refreshing native plugins compatible for Editor in 1.29 ms, found 0 plugins.
Preloading 0 native plugins for Editor in 0.00 ms.
Unloading 2644 Unused Serialized files (Serialized files now loaded: 0)
System memory in use before: 126.5 MB.
System memory in use after: 123.8 MB.

Unloading 40 unused Assets to reduce memory usage. Loaded Objects now: 3273.
Total: 6.010900 ms (FindLiveObjects: 0.439900 ms CreateObjectMapping: 0.240500 ms MarkObjects: 3.060300 ms  DeleteObjects: 2.267500 ms)

AssetImportWorkerClient::OnTransportError - code=2 error=End of file
